     1 00000000                                 [FORMAT "WCOFF"]
     2 00000000                                 [INSTRSET "i486p"]
     3 00000000                                 [OPTIMIZE 1]
     4 00000000                                 [OPTION 1]
     5 00000000                                 [BITS 32]
     6 00000000                                 	EXTERN	_load_gdtr
     7 00000000                                 	EXTERN	_load_idtr
     8 00000000                                 	EXTERN	_asm_inthandler20
     9 00000000                                 	EXTERN	_asm_inthandler21
    10 00000000                                 	EXTERN	_asm_inthandler27
    11 00000000                                 	EXTERN	_asm_inthandler2c
    12 00000000                                 [FILE "dsctbl.c"]
    13                                          [SECTION .text]
    14 00000000                                 	GLOBAL	_set_segmdesc
    15 00000000                                 _set_segmdesc:
    16 00000000 55                              	PUSH	EBP
    17 00000001 89 E5                           	MOV	EBP,ESP
    18 00000003 53                              	PUSH	EBX
    19 00000004 8B 55 0C                        	MOV	EDX,DWORD [12+EBP]
    20 00000007 8B 4D 10                        	MOV	ECX,DWORD [16+EBP]
    21 0000000A 8B 5D 08                        	MOV	EBX,DWORD [8+EBP]
    22 0000000D 8B 45 14                        	MOV	EAX,DWORD [20+EBP]
    23 00000010 81 FA 000FFFFF                  	CMP	EDX,1048575
    24 00000016 76 08                           	JBE	L2
    25 00000018 C1 EA 0C                        	SHR	EDX,12
    26 0000001B 0D 00008000                     	OR	EAX,32768
    27 00000020                                 L2:
    28 00000020 66 89 13                        	MOV	WORD [EBX],DX
    29 00000023 88 43 05                        	MOV	BYTE [5+EBX],AL
    30 00000026 C1 EA 10                        	SHR	EDX,16
    31 00000029 C1 F8 08                        	SAR	EAX,8
    32 0000002C 83 E2 0F                        	AND	EDX,15
    33 0000002F 66 89 4B 02                     	MOV	WORD [2+EBX],CX
    34 00000033 83 E0 F0                        	AND	EAX,-16
    35 00000036 C1 F9 10                        	SAR	ECX,16
    36 00000039 09 C2                           	OR	EDX,EAX
    37 0000003B 88 4B 04                        	MOV	BYTE [4+EBX],CL
    38 0000003E 88 53 06                        	MOV	BYTE [6+EBX],DL
    39 00000041 C1 F9 08                        	SAR	ECX,8
    40 00000044 88 4B 07                        	MOV	BYTE [7+EBX],CL
    41 00000047 5B                              	POP	EBX
    42 00000048 5D                              	POP	EBP
    43 00000049 C3                              	RET
    44 0000004A                                 	GLOBAL	_init_gdtidt
    45 0000004A                                 _init_gdtidt:
    46 0000004A 55                              	PUSH	EBP
    47 0000004B 89 E5                           	MOV	EBP,ESP
    48 0000004D 56                              	PUSH	ESI
    49 0000004E 53                              	PUSH	EBX
    50 0000004F BE 00270000                     	MOV	ESI,2555904
    51 00000054 BB 00001FFF                     	MOV	EBX,8191
    52 00000059                                 L8:
    53 00000059 6A 00                           	PUSH	0
    54 0000005B 6A 00                           	PUSH	0
    55 0000005D 6A 00                           	PUSH	0
    56 0000005F 56                              	PUSH	ESI
    57 00000060 83 C6 08                        	ADD	ESI,8
    58 00000063 E8 FFFFFF98                     	CALL	_set_segmdesc
    59 00000068 83 C4 10                        	ADD	ESP,16
    60 0000006B 4B                              	DEC	EBX
    61 0000006C 79 EB                           	JNS	L8
    62 0000006E 68 00004092                     	PUSH	16530
    63 00000073 BE 0026F800                     	MOV	ESI,2553856
    64 00000078 6A 00                           	PUSH	0
    65 0000007A BB 000000FF                     	MOV	EBX,255
    66 0000007F 6A FF                           	PUSH	-1
    67 00000081 68 00270008                     	PUSH	2555912
    68 00000086 E8 FFFFFF75                     	CALL	_set_segmdesc
    69 0000008B 68 0000409A                     	PUSH	16538
    70 00000090 68 00280000                     	PUSH	2621440
    71 00000095 68 0007FFFF                     	PUSH	524287
    72 0000009A 68 00270010                     	PUSH	2555920
    73 0000009F E8 FFFFFF5C                     	CALL	_set_segmdesc
    74 000000A4 83 C4 20                        	ADD	ESP,32
    75 000000A7 68 00270000                     	PUSH	2555904
    76 000000AC 68 0000FFFF                     	PUSH	65535
    77 000000B1 E8 [00000000]                   	CALL	_load_gdtr
    78 000000B6 58                              	POP	EAX
    79 000000B7 5A                              	POP	EDX
    80 000000B8                                 L13:
    81 000000B8 6A 00                           	PUSH	0
    82 000000BA 6A 00                           	PUSH	0
    83 000000BC 6A 00                           	PUSH	0
    84 000000BE 56                              	PUSH	ESI
    85 000000BF 83 C6 08                        	ADD	ESI,8
    86 000000C2 E8 00000077                     	CALL	_set_gatedesc
    87 000000C7 83 C4 10                        	ADD	ESP,16
    88 000000CA 4B                              	DEC	EBX
    89 000000CB 79 EB                           	JNS	L13
    90 000000CD 68 0026F800                     	PUSH	2553856
    91 000000D2 68 000007FF                     	PUSH	2047
    92 000000D7 E8 [00000000]                   	CALL	_load_idtr
    93 000000DC 68 0000008E                     	PUSH	142
    94 000000E1 6A 10                           	PUSH	16
    95 000000E3 68 [00000000]                   	PUSH	_asm_inthandler20
    96 000000E8 68 0026F900                     	PUSH	2554112
    97 000000ED E8 0000004C                     	CALL	_set_gatedesc
    98 000000F2 68 0000008E                     	PUSH	142
    99 000000F7 6A 10                           	PUSH	16
   100 000000F9 68 [00000000]                   	PUSH	_asm_inthandler21
   101 000000FE 68 0026F908                     	PUSH	2554120
   102 00000103 E8 00000036                     	CALL	_set_gatedesc
   103 00000108 83 C4 28                        	ADD	ESP,40
   104 0000010B 68 0000008E                     	PUSH	142
   105 00000110 6A 10                           	PUSH	16
   106 00000112 68 [00000000]                   	PUSH	_asm_inthandler27
   107 00000117 68 0026F938                     	PUSH	2554168
   108 0000011C E8 0000001D                     	CALL	_set_gatedesc
   109 00000121 68 0000008E                     	PUSH	142
   110 00000126 6A 10                           	PUSH	16
   111 00000128 68 [00000000]                   	PUSH	_asm_inthandler2c
   112 0000012D 68 0026F960                     	PUSH	2554208
   113 00000132 E8 00000007                     	CALL	_set_gatedesc
   114 00000137 8D 65 F8                        	LEA	ESP,DWORD [-8+EBP]
   115 0000013A 5B                              	POP	EBX
   116 0000013B 5E                              	POP	ESI
   117 0000013C 5D                              	POP	EBP
   118 0000013D C3                              	RET
   119 0000013E                                 	GLOBAL	_set_gatedesc
   120 0000013E                                 _set_gatedesc:
   121 0000013E 55                              	PUSH	EBP
   122 0000013F 89 E5                           	MOV	EBP,ESP
   123 00000141 53                              	PUSH	EBX
   124 00000142 8B 55 08                        	MOV	EDX,DWORD [8+EBP]
   125 00000145 8B 45 10                        	MOV	EAX,DWORD [16+EBP]
   126 00000148 8B 5D 14                        	MOV	EBX,DWORD [20+EBP]
   127 0000014B 8B 4D 0C                        	MOV	ECX,DWORD [12+EBP]
   128 0000014E 66 89 42 02                     	MOV	WORD [2+EDX],AX
   129 00000152 88 5A 05                        	MOV	BYTE [5+EDX],BL
   130 00000155 66 89 0A                        	MOV	WORD [EDX],CX
   131 00000158 89 D8                           	MOV	EAX,EBX
   132 0000015A C1 F8 08                        	SAR	EAX,8
   133 0000015D C1 F9 10                        	SAR	ECX,16
   134 00000160 88 42 04                        	MOV	BYTE [4+EDX],AL
   135 00000163 66 89 4A 06                     	MOV	WORD [6+EDX],CX
   136 00000167 5B                              	POP	EBX
   137 00000168 5D                              	POP	EBP
   138 00000169 C3                              	RET
