     1 00000000                                 [FORMAT "WCOFF"]
     2 00000000                                 [INSTRSET "i486p"]
     3 00000000                                 [OPTIMIZE 1]
     4 00000000                                 [OPTION 1]
     5 00000000                                 [BITS 32]
     6 00000000                                 	EXTERN	_table_rgb.0
     7 00000000                                 	EXTERN	_io_load_eflags
     8 00000000                                 	EXTERN	_io_cli
     9 00000000                                 	EXTERN	_io_out8
    10 00000000                                 	EXTERN	_io_store_eflags
    11 00000000                                 	EXTERN	_hankaku
    12 00000000                                 	EXTERN	_sheet_refresh
    13 00000000                                 [FILE "graphic.c"]
    14                                          [SECTION .data]
    15 00000000                                 _table_rgb.0:
    16 00000000 00                              	DB	0
    17 00000001 00                              	DB	0
    18 00000002 00                              	DB	0
    19 00000003 FF                              	DB	-1
    20 00000004 00                              	DB	0
    21 00000005 00                              	DB	0
    22 00000006 00                              	DB	0
    23 00000007 FF                              	DB	-1
    24 00000008 00                              	DB	0
    25 00000009 FF                              	DB	-1
    26 0000000A FF                              	DB	-1
    27 0000000B 00                              	DB	0
    28 0000000C 00                              	DB	0
    29 0000000D 00                              	DB	0
    30 0000000E FF                              	DB	-1
    31 0000000F FF                              	DB	-1
    32 00000010 00                              	DB	0
    33 00000011 FF                              	DB	-1
    34 00000012 00                              	DB	0
    35 00000013 FF                              	DB	-1
    36 00000014 FF                              	DB	-1
    37 00000015 FF                              	DB	-1
    38 00000016 FF                              	DB	-1
    39 00000017 FF                              	DB	-1
    40 00000018 C6                              	DB	-58
    41 00000019 C6                              	DB	-58
    42 0000001A C6                              	DB	-58
    43 0000001B 84                              	DB	-124
    44 0000001C 00                              	DB	0
    45 0000001D 00                              	DB	0
    46 0000001E 00                              	DB	0
    47 0000001F 84                              	DB	-124
    48 00000020 00                              	DB	0
    49 00000021 84                              	DB	-124
    50 00000022 84                              	DB	-124
    51 00000023 00                              	DB	0
    52 00000024 00                              	DB	0
    53 00000025 00                              	DB	0
    54 00000026 84                              	DB	-124
    55 00000027 84                              	DB	-124
    56 00000028 00                              	DB	0
    57 00000029 84                              	DB	-124
    58 0000002A 00                              	DB	0
    59 0000002B 84                              	DB	-124
    60 0000002C 84                              	DB	-124
    61 0000002D 84                              	DB	-124
    62 0000002E 84                              	DB	-124
    63 0000002F 84                              	DB	-124
    64 00000030                                 LC0:
    65 00000030 69 6E 69 74 5F 70 61 6C 6C 65   	DB	"init_pallette",0x00
       0000003A 74 74 65 00 
    66                                          [SECTION .text]
    67 00000000                                 	GLOBAL	_init_palette
    68 00000000                                 _init_palette:
    69 00000000 55                              	PUSH	EBP
    70 00000001 89 E5                           	MOV	EBP,ESP
    71 00000003 68 [00000000]                   	PUSH	_table_rgb.0
    72 00000008 6A 0F                           	PUSH	15
    73 0000000A 6A 00                           	PUSH	0
    74 0000000C E8 00000046                     	CALL	_set_palette
    75 00000011 6A 14                           	PUSH	20
    76 00000013 0F BF 05 00000FF4               	MOVSX	EAX,WORD [4084]
    77 0000001A 50                              	PUSH	EAX
    78 0000001B 6A 00                           	PUSH	0
    79 0000001D 6A 00                           	PUSH	0
    80 0000001F 6A 0D                           	PUSH	13
    81 00000021 0F BF 05 00000FF4               	MOVSX	EAX,WORD [4084]
    82 00000028 50                              	PUSH	EAX
    83 00000029 FF 35 00000FF8                  	PUSH	DWORD [4088]
    84 0000002F E8 000000AB                     	CALL	_boxfill8
    85 00000034 83 C4 28                        	ADD	ESP,40
    86 00000037 68 [00000030]                   	PUSH	LC0
    87 0000003C 6A 0F                           	PUSH	15
    88 0000003E 6A 01                           	PUSH	1
    89 00000040 6A 01                           	PUSH	1
    90 00000042 0F BF 05 00000FF4               	MOVSX	EAX,WORD [4084]
    91 00000049 50                              	PUSH	EAX
    92 0000004A FF 35 00000FF8                  	PUSH	DWORD [4088]
    93 00000050 E8 000002E8                     	CALL	_putfonts8_asc
    94 00000055 C9                              	LEAVE
    95 00000056 C3                              	RET
    96 00000057                                 	GLOBAL	_set_palette
    97 00000057                                 _set_palette:
    98 00000057 55                              	PUSH	EBP
    99 00000058 89 E5                           	MOV	EBP,ESP
   100 0000005A 57                              	PUSH	EDI
   101 0000005B 56                              	PUSH	ESI
   102 0000005C 53                              	PUSH	EBX
   103 0000005D 51                              	PUSH	ECX
   104 0000005E 8B 5D 08                        	MOV	EBX,DWORD [8+EBP]
   105 00000061 8B 7D 0C                        	MOV	EDI,DWORD [12+EBP]
   106 00000064 8B 75 10                        	MOV	ESI,DWORD [16+EBP]
   107 00000067 E8 [00000000]                   	CALL	_io_load_eflags
   108 0000006C 89 45 F0                        	MOV	DWORD [-16+EBP],EAX
   109 0000006F E8 [00000000]                   	CALL	_io_cli
   110 00000074 53                              	PUSH	EBX
   111 00000075 68 000003C8                     	PUSH	968
   112 0000007A E8 [00000000]                   	CALL	_io_out8
   113 0000007F 39 FB                           	CMP	EBX,EDI
   114 00000081 58                              	POP	EAX
   115 00000082 5A                              	POP	EDX
   116 00000083 7E 12                           	JLE	L7
   117 00000085                                 L9:
   118 00000085 8B 45 F0                        	MOV	EAX,DWORD [-16+EBP]
   119 00000088 89 45 08                        	MOV	DWORD [8+EBP],EAX
   120 0000008B 8D 65 F4                        	LEA	ESP,DWORD [-12+EBP]
   121 0000008E 5B                              	POP	EBX
   122 0000008F 5E                              	POP	ESI
   123 00000090 5F                              	POP	EDI
   124 00000091 5D                              	POP	EBP
   125 00000092 E9 [00000000]                   	JMP	_io_store_eflags
   126 00000097                                 L7:
   127 00000097 8A 06                           	MOV	AL,BYTE [ESI]
   128 00000099 43                              	INC	EBX
   129 0000009A C0 E8 02                        	SHR	AL,2
   130 0000009D 0F B6 C0                        	MOVZX	EAX,AL
   131 000000A0 50                              	PUSH	EAX
   132 000000A1 68 000003C9                     	PUSH	969
   133 000000A6 E8 [00000000]                   	CALL	_io_out8
   134 000000AB 8A 46 01                        	MOV	AL,BYTE [1+ESI]
   135 000000AE C0 E8 02                        	SHR	AL,2
   136 000000B1 0F B6 C0                        	MOVZX	EAX,AL
   137 000000B4 50                              	PUSH	EAX
   138 000000B5 68 000003C9                     	PUSH	969
   139 000000BA E8 [00000000]                   	CALL	_io_out8
   140 000000BF 8A 46 02                        	MOV	AL,BYTE [2+ESI]
   141 000000C2 C0 E8 02                        	SHR	AL,2
   142 000000C5 83 C6 03                        	ADD	ESI,3
   143 000000C8 0F B6 C0                        	MOVZX	EAX,AL
   144 000000CB 50                              	PUSH	EAX
   145 000000CC 68 000003C9                     	PUSH	969
   146 000000D1 E8 [00000000]                   	CALL	_io_out8
   147 000000D6 83 C4 18                        	ADD	ESP,24
   148 000000D9 39 FB                           	CMP	EBX,EDI
   149 000000DB 7E BA                           	JLE	L7
   150 000000DD EB A6                           	JMP	L9
   151 000000DF                                 	GLOBAL	_boxfill8
   152 000000DF                                 _boxfill8:
   153 000000DF 55                              	PUSH	EBP
   154 000000E0 89 E5                           	MOV	EBP,ESP
   155 000000E2 57                              	PUSH	EDI
   156 000000E3 56                              	PUSH	ESI
   157 000000E4 53                              	PUSH	EBX
   158 000000E5 57                              	PUSH	EDI
   159 000000E6 57                              	PUSH	EDI
   160 000000E7 8A 45 10                        	MOV	AL,BYTE [16+EBP]
   161 000000EA 8B 4D 18                        	MOV	ECX,DWORD [24+EBP]
   162 000000ED 8B 7D 1C                        	MOV	EDI,DWORD [28+EBP]
   163 000000F0 88 45 F3                        	MOV	BYTE [-13+EBP],AL
   164 000000F3 3B 4D 20                        	CMP	ECX,DWORD [32+EBP]
   165 000000F6 7F 31                           	JG	L22
   166 000000F8 8B 5D 0C                        	MOV	EBX,DWORD [12+EBP]
   167 000000FB 0F AF D9                        	IMUL	EBX,ECX
   168 000000FE                                 L20:
   169 000000FE 8B 55 14                        	MOV	EDX,DWORD [20+EBP]
   170 00000101 39 FA                           	CMP	EDX,EDI
   171 00000103 7F 1B                           	JG	L24
   172 00000105 8B 75 08                        	MOV	ESI,DWORD [8+EBP]
   173 00000108 01 DE                           	ADD	ESI,EBX
   174 0000010A 01 D6                           	ADD	ESI,EDX
   175 0000010C 89 75 EC                        	MOV	DWORD [-20+EBP],ESI
   176 0000010F                                 L19:
   177 0000010F 8B 75 EC                        	MOV	ESI,DWORD [-20+EBP]
   178 00000112 8A 45 F3                        	MOV	AL,BYTE [-13+EBP]
   179 00000115 42                              	INC	EDX
   180 00000116 88 06                           	MOV	BYTE [ESI],AL
   181 00000118 46                              	INC	ESI
   182 00000119 89 75 EC                        	MOV	DWORD [-20+EBP],ESI
   183 0000011C 39 FA                           	CMP	EDX,EDI
   184 0000011E 7E EF                           	JLE	L19
   185 00000120                                 L24:
   186 00000120 41                              	INC	ECX
   187 00000121 03 5D 0C                        	ADD	EBX,DWORD [12+EBP]
   188 00000124 3B 4D 20                        	CMP	ECX,DWORD [32+EBP]
   189 00000127 7E D5                           	JLE	L20
   190 00000129                                 L22:
   191 00000129 5B                              	POP	EBX
   192 0000012A 5E                              	POP	ESI
   193 0000012B 5B                              	POP	EBX
   194 0000012C 5E                              	POP	ESI
   195 0000012D 5F                              	POP	EDI
   196 0000012E 5D                              	POP	EBP
   197 0000012F C3                              	RET
   198 00000130                                 	GLOBAL	_init_screen8
   199 00000130                                 _init_screen8:
   200 00000130 55                              	PUSH	EBP
   201 00000131 89 E5                           	MOV	EBP,ESP
   202 00000133 57                              	PUSH	EDI
   203 00000134 56                              	PUSH	ESI
   204 00000135 53                              	PUSH	EBX
   205 00000136 83 EC 0C                        	SUB	ESP,12
   206 00000139 8B 7D 0C                        	MOV	EDI,DWORD [12+EBP]
   207 0000013C FF 75 10                        	PUSH	DWORD [16+EBP]
   208 0000013F 4F                              	DEC	EDI
   209 00000140 57                              	PUSH	EDI
   210 00000141 6A 00                           	PUSH	0
   211 00000143 6A 00                           	PUSH	0
   212 00000145 6A 0E                           	PUSH	14
   213 00000147 FF 75 0C                        	PUSH	DWORD [12+EBP]
   214 0000014A FF 75 08                        	PUSH	DWORD [8+EBP]
   215 0000014D E8 FFFFFF8D                     	CALL	_boxfill8
   216 00000152 8B 45 10                        	MOV	EAX,DWORD [16+EBP]
   217 00000155 83 E8 1C                        	SUB	EAX,28
   218 00000158 50                              	PUSH	EAX
   219 00000159 57                              	PUSH	EDI
   220 0000015A 50                              	PUSH	EAX
   221 0000015B 6A 00                           	PUSH	0
   222 0000015D 6A 08                           	PUSH	8
   223 0000015F FF 75 0C                        	PUSH	DWORD [12+EBP]
   224 00000162 FF 75 08                        	PUSH	DWORD [8+EBP]
   225 00000165 E8 FFFFFF75                     	CALL	_boxfill8
   226 0000016A 8B 45 10                        	MOV	EAX,DWORD [16+EBP]
   227 0000016D 83 C4 38                        	ADD	ESP,56
   228 00000170 83 E8 1B                        	SUB	EAX,27
   229 00000173 50                              	PUSH	EAX
   230 00000174 57                              	PUSH	EDI
   231 00000175 50                              	PUSH	EAX
   232 00000176 6A 00                           	PUSH	0
   233 00000178 6A 07                           	PUSH	7
   234 0000017A FF 75 0C                        	PUSH	DWORD [12+EBP]
   235 0000017D FF 75 08                        	PUSH	DWORD [8+EBP]
   236 00000180 E8 FFFFFF5A                     	CALL	_boxfill8
   237 00000185 8B 45 10                        	MOV	EAX,DWORD [16+EBP]
   238 00000188 48                              	DEC	EAX
   239 00000189 50                              	PUSH	EAX
   240 0000018A 8B 45 10                        	MOV	EAX,DWORD [16+EBP]
   241 0000018D 57                              	PUSH	EDI
   242 0000018E 83 E8 1A                        	SUB	EAX,26
   243 00000191 50                              	PUSH	EAX
   244 00000192 6A 00                           	PUSH	0
   245 00000194 6A 08                           	PUSH	8
   246 00000196 FF 75 0C                        	PUSH	DWORD [12+EBP]
   247 00000199 FF 75 08                        	PUSH	DWORD [8+EBP]
   248 0000019C E8 FFFFFF3E                     	CALL	_boxfill8
   249 000001A1 8B 75 10                        	MOV	ESI,DWORD [16+EBP]
   250 000001A4 83 C4 38                        	ADD	ESP,56
   251 000001A7 83 EE 18                        	SUB	ESI,24
   252 000001AA 56                              	PUSH	ESI
   253 000001AB 6A 3B                           	PUSH	59
   254 000001AD 56                              	PUSH	ESI
   255 000001AE 6A 03                           	PUSH	3
   256 000001B0 6A 07                           	PUSH	7
   257 000001B2 FF 75 0C                        	PUSH	DWORD [12+EBP]
   258 000001B5 FF 75 08                        	PUSH	DWORD [8+EBP]
   259 000001B8 E8 FFFFFF22                     	CALL	_boxfill8
   260 000001BD 8B 45 10                        	MOV	EAX,DWORD [16+EBP]
   261 000001C0 83 E8 04                        	SUB	EAX,4
   262 000001C3 50                              	PUSH	EAX
   263 000001C4 89 45 F0                        	MOV	DWORD [-16+EBP],EAX
   264 000001C7 6A 02                           	PUSH	2
   265 000001C9 56                              	PUSH	ESI
   266 000001CA 6A 02                           	PUSH	2
   267 000001CC 6A 07                           	PUSH	7
   268 000001CE FF 75 0C                        	PUSH	DWORD [12+EBP]
   269 000001D1 FF 75 08                        	PUSH	DWORD [8+EBP]
   270 000001D4 E8 FFFFFF06                     	CALL	_boxfill8
   271 000001D9 83 C4 38                        	ADD	ESP,56
   272 000001DC FF 75 F0                        	PUSH	DWORD [-16+EBP]
   273 000001DF 6A 3B                           	PUSH	59
   274 000001E1 FF 75 F0                        	PUSH	DWORD [-16+EBP]
   275 000001E4 6A 03                           	PUSH	3
   276 000001E6 6A 0F                           	PUSH	15
   277 000001E8 FF 75 0C                        	PUSH	DWORD [12+EBP]
   278 000001EB FF 75 08                        	PUSH	DWORD [8+EBP]
   279 000001EE E8 FFFFFEEC                     	CALL	_boxfill8
   280 000001F3 8B 45 10                        	MOV	EAX,DWORD [16+EBP]
   281 000001F6 83 E8 05                        	SUB	EAX,5
   282 000001F9 50                              	PUSH	EAX
   283 000001FA 8B 45 10                        	MOV	EAX,DWORD [16+EBP]
   284 000001FD 6A 3B                           	PUSH	59
   285 000001FF 83 E8 17                        	SUB	EAX,23
   286 00000202 50                              	PUSH	EAX
   287 00000203 89 45 EC                        	MOV	DWORD [-20+EBP],EAX
   288 00000206 6A 3B                           	PUSH	59
   289 00000208 6A 0F                           	PUSH	15
   290 0000020A FF 75 0C                        	PUSH	DWORD [12+EBP]
   291 0000020D FF 75 08                        	PUSH	DWORD [8+EBP]
   292 00000210 E8 FFFFFECA                     	CALL	_boxfill8
   293 00000215 8B 45 10                        	MOV	EAX,DWORD [16+EBP]
   294 00000218 83 C4 38                        	ADD	ESP,56
   295 0000021B 83 E8 03                        	SUB	EAX,3
   296 0000021E 89 45 E8                        	MOV	DWORD [-24+EBP],EAX
   297 00000221 50                              	PUSH	EAX
   298 00000222 6A 3B                           	PUSH	59
   299 00000224 50                              	PUSH	EAX
   300 00000225 6A 02                           	PUSH	2
   301 00000227 6A 00                           	PUSH	0
   302 00000229 FF 75 0C                        	PUSH	DWORD [12+EBP]
   303 0000022C FF 75 08                        	PUSH	DWORD [8+EBP]
   304 0000022F E8 FFFFFEAB                     	CALL	_boxfill8
   305 00000234 FF 75 E8                        	PUSH	DWORD [-24+EBP]
   306 00000237 6A 3C                           	PUSH	60
   307 00000239 56                              	PUSH	ESI
   308 0000023A 6A 3C                           	PUSH	60
   309 0000023C 6A 00                           	PUSH	0
   310 0000023E FF 75 0C                        	PUSH	DWORD [12+EBP]
   311 00000241 FF 75 08                        	PUSH	DWORD [8+EBP]
   312 00000244 E8 FFFFFE96                     	CALL	_boxfill8
   313 00000249 8B 7D 0C                        	MOV	EDI,DWORD [12+EBP]
   314 0000024C 83 C4 38                        	ADD	ESP,56
   315 0000024F 8B 5D 0C                        	MOV	EBX,DWORD [12+EBP]
   316 00000252 83 EB 04                        	SUB	EBX,4
   317 00000255 83 EF 2F                        	SUB	EDI,47
   318 00000258 56                              	PUSH	ESI
   319 00000259 53                              	PUSH	EBX
   320 0000025A 56                              	PUSH	ESI
   321 0000025B 57                              	PUSH	EDI
   322 0000025C 6A 0F                           	PUSH	15
   323 0000025E FF 75 0C                        	PUSH	DWORD [12+EBP]
   324 00000261 FF 75 08                        	PUSH	DWORD [8+EBP]
   325 00000264 E8 FFFFFE76                     	CALL	_boxfill8
   326 00000269 FF 75 F0                        	PUSH	DWORD [-16+EBP]
   327 0000026C 57                              	PUSH	EDI
   328 0000026D FF 75 EC                        	PUSH	DWORD [-20+EBP]
   329 00000270 57                              	PUSH	EDI
   330 00000271 6A 0F                           	PUSH	15
   331 00000273 FF 75 0C                        	PUSH	DWORD [12+EBP]
   332 00000276 FF 75 08                        	PUSH	DWORD [8+EBP]
   333 00000279 E8 FFFFFE61                     	CALL	_boxfill8
   334 0000027E 83 C4 38                        	ADD	ESP,56
   335 00000281 FF 75 E8                        	PUSH	DWORD [-24+EBP]
   336 00000284 53                              	PUSH	EBX
   337 00000285 FF 75 E8                        	PUSH	DWORD [-24+EBP]
   338 00000288 57                              	PUSH	EDI
   339 00000289 6A 07                           	PUSH	7
   340 0000028B FF 75 0C                        	PUSH	DWORD [12+EBP]
   341 0000028E FF 75 08                        	PUSH	DWORD [8+EBP]
   342 00000291 E8 FFFFFE49                     	CALL	_boxfill8
   343 00000296 8B 45 0C                        	MOV	EAX,DWORD [12+EBP]
   344 00000299 FF 75 E8                        	PUSH	DWORD [-24+EBP]
   345 0000029C 83 E8 03                        	SUB	EAX,3
   346 0000029F 50                              	PUSH	EAX
   347 000002A0 56                              	PUSH	ESI
   348 000002A1 50                              	PUSH	EAX
   349 000002A2 6A 07                           	PUSH	7
   350 000002A4 FF 75 0C                        	PUSH	DWORD [12+EBP]
   351 000002A7 FF 75 08                        	PUSH	DWORD [8+EBP]
   352 000002AA E8 FFFFFE30                     	CALL	_boxfill8
   353 000002AF 8D 65 F4                        	LEA	ESP,DWORD [-12+EBP]
   354 000002B2 5B                              	POP	EBX
   355 000002B3 5E                              	POP	ESI
   356 000002B4 5F                              	POP	EDI
   357 000002B5 5D                              	POP	EBP
   358 000002B6 C3                              	RET
   359 000002B7                                 	GLOBAL	_putfont8
   360 000002B7                                 _putfont8:
   361 000002B7 55                              	PUSH	EBP
   362 000002B8 89 E5                           	MOV	EBP,ESP
   363 000002BA 57                              	PUSH	EDI
   364 000002BB 56                              	PUSH	ESI
   365 000002BC 31 F6                           	XOR	ESI,ESI
   366 000002BE 53                              	PUSH	EBX
   367 000002BF 8B 7D 1C                        	MOV	EDI,DWORD [28+EBP]
   368 000002C2 8A 5D 18                        	MOV	BL,BYTE [24+EBP]
   369 000002C5                                 L39:
   370 000002C5 8B 45 14                        	MOV	EAX,DWORD [20+EBP]
   371 000002C8 8B 55 10                        	MOV	EDX,DWORD [16+EBP]
   372 000002CB 01 F0                           	ADD	EAX,ESI
   373 000002CD 0F AF 45 0C                     	IMUL	EAX,DWORD [12+EBP]
   374 000002D1 03 45 08                        	ADD	EAX,DWORD [8+EBP]
   375 000002D4 8D 0C 02                        	LEA	ECX,DWORD [EDX+EAX*1]
   376 000002D7 8A 14 3E                        	MOV	DL,BYTE [ESI+EDI*1]
   377 000002DA 84 D2                           	TEST	DL,DL
   378 000002DC 79 02                           	JNS	L31
   379 000002DE 88 19                           	MOV	BYTE [ECX],BL
   380 000002E0                                 L31:
   381 000002E0 88 D0                           	MOV	AL,DL
   382 000002E2 83 E0 40                        	AND	EAX,64
   383 000002E5 84 C0                           	TEST	AL,AL
   384 000002E7 74 03                           	JE	L32
   385 000002E9 88 59 01                        	MOV	BYTE [1+ECX],BL
   386 000002EC                                 L32:
   387 000002EC 88 D0                           	MOV	AL,DL
   388 000002EE 83 E0 20                        	AND	EAX,32
   389 000002F1 84 C0                           	TEST	AL,AL
   390 000002F3 74 03                           	JE	L33
   391 000002F5 88 59 02                        	MOV	BYTE [2+ECX],BL
   392 000002F8                                 L33:
   393 000002F8 88 D0                           	MOV	AL,DL
   394 000002FA 83 E0 10                        	AND	EAX,16
   395 000002FD 84 C0                           	TEST	AL,AL
   396 000002FF 74 03                           	JE	L34
   397 00000301 88 59 03                        	MOV	BYTE [3+ECX],BL
   398 00000304                                 L34:
   399 00000304 88 D0                           	MOV	AL,DL
   400 00000306 83 E0 08                        	AND	EAX,8
   401 00000309 84 C0                           	TEST	AL,AL
   402 0000030B 74 03                           	JE	L35
   403 0000030D 88 59 04                        	MOV	BYTE [4+ECX],BL
   404 00000310                                 L35:
   405 00000310 88 D0                           	MOV	AL,DL
   406 00000312 83 E0 04                        	AND	EAX,4
   407 00000315 84 C0                           	TEST	AL,AL
   408 00000317 74 03                           	JE	L36
   409 00000319 88 59 05                        	MOV	BYTE [5+ECX],BL
   410 0000031C                                 L36:
   411 0000031C 88 D0                           	MOV	AL,DL
   412 0000031E 83 E0 02                        	AND	EAX,2
   413 00000321 84 C0                           	TEST	AL,AL
   414 00000323 74 03                           	JE	L37
   415 00000325 88 59 06                        	MOV	BYTE [6+ECX],BL
   416 00000328                                 L37:
   417 00000328 83 E2 01                        	AND	EDX,1
   418 0000032B 84 D2                           	TEST	DL,DL
   419 0000032D 74 03                           	JE	L29
   420 0000032F 88 59 07                        	MOV	BYTE [7+ECX],BL
   421 00000332                                 L29:
   422 00000332 46                              	INC	ESI
   423 00000333 83 FE 0F                        	CMP	ESI,15
   424 00000336 7E 8D                           	JLE	L39
   425 00000338 5B                              	POP	EBX
   426 00000339 5E                              	POP	ESI
   427 0000033A 5F                              	POP	EDI
   428 0000033B 5D                              	POP	EBP
   429 0000033C C3                              	RET
   430 0000033D                                 	GLOBAL	_putfonts8_asc
   431 0000033D                                 _putfonts8_asc:
   432 0000033D 55                              	PUSH	EBP
   433 0000033E 89 E5                           	MOV	EBP,ESP
   434 00000340 57                              	PUSH	EDI
   435 00000341 56                              	PUSH	ESI
   436 00000342 53                              	PUSH	EBX
   437 00000343 50                              	PUSH	EAX
   438 00000344 8B 5D 1C                        	MOV	EBX,DWORD [28+EBP]
   439 00000347 8A 45 18                        	MOV	AL,BYTE [24+EBP]
   440 0000034A 88 45 F3                        	MOV	BYTE [-13+EBP],AL
   441 0000034D 8B 75 10                        	MOV	ESI,DWORD [16+EBP]
   442 00000350 8B 7D 14                        	MOV	EDI,DWORD [20+EBP]
   443 00000353 80 3B 00                        	CMP	BYTE [EBX],0
   444 00000356 75 08                           	JNE	L47
   445 00000358                                 L49:
   446 00000358 8D 65 F4                        	LEA	ESP,DWORD [-12+EBP]
   447 0000035B 5B                              	POP	EBX
   448 0000035C 5E                              	POP	ESI
   449 0000035D 5F                              	POP	EDI
   450 0000035E 5D                              	POP	EBP
   451 0000035F C3                              	RET
   452 00000360                                 L47:
   453 00000360 0F B6 03                        	MOVZX	EAX,BYTE [EBX]
   454 00000363 C1 E0 04                        	SAL	EAX,4
   455 00000366 43                              	INC	EBX
   456 00000367 05 [00000000]                   	ADD	EAX,_hankaku
   457 0000036C 50                              	PUSH	EAX
   458 0000036D 0F BE 45 F3                     	MOVSX	EAX,BYTE [-13+EBP]
   459 00000371 50                              	PUSH	EAX
   460 00000372 57                              	PUSH	EDI
   461 00000373 56                              	PUSH	ESI
   462 00000374 83 C6 08                        	ADD	ESI,8
   463 00000377 FF 75 0C                        	PUSH	DWORD [12+EBP]
   464 0000037A FF 75 08                        	PUSH	DWORD [8+EBP]
   465 0000037D E8 FFFFFF35                     	CALL	_putfont8
   466 00000382 83 C4 18                        	ADD	ESP,24
   467 00000385 80 3B 00                        	CMP	BYTE [EBX],0
   468 00000388 75 D6                           	JNE	L47
   469 0000038A EB CC                           	JMP	L49
   470 0000038C                                 	GLOBAL	_putfonts8_asc_sht
   471 0000038C                                 _putfonts8_asc_sht:
   472 0000038C 55                              	PUSH	EBP
   473 0000038D 89 E5                           	MOV	EBP,ESP
   474 0000038F 57                              	PUSH	EDI
   475 00000390 56                              	PUSH	ESI
   476 00000391 53                              	PUSH	EBX
   477 00000392 83 EC 0C                        	SUB	ESP,12
   478 00000395 8B 45 08                        	MOV	EAX,DWORD [8+EBP]
   479 00000398 8B 7D 10                        	MOV	EDI,DWORD [16+EBP]
   480 0000039B 89 45 F0                        	MOV	DWORD [-16+EBP],EAX
   481 0000039E 8B 5D 14                        	MOV	EBX,DWORD [20+EBP]
   482 000003A1 8B 45 0C                        	MOV	EAX,DWORD [12+EBP]
   483 000003A4 89 45 EC                        	MOV	DWORD [-20+EBP],EAX
   484 000003A7 8B 45 1C                        	MOV	EAX,DWORD [28+EBP]
   485 000003AA 89 45 E8                        	MOV	DWORD [-24+EBP],EAX
   486 000003AD 8D 47 0F                        	LEA	EAX,DWORD [15+EDI]
   487 000003B0 50                              	PUSH	EAX
   488 000003B1 8B 45 EC                        	MOV	EAX,DWORD [-20+EBP]
   489 000003B4 8B 75 20                        	MOV	ESI,DWORD [32+EBP]
   490 000003B7 0F BE DB                        	MOVSX	EBX,BL
   491 000003BA 8D 34 F0                        	LEA	ESI,DWORD [EAX+ESI*8]
   492 000003BD 8D 46 FF                        	LEA	EAX,DWORD [-1+ESI]
   493 000003C0 50                              	PUSH	EAX
   494 000003C1 57                              	PUSH	EDI
   495 000003C2 FF 75 EC                        	PUSH	DWORD [-20+EBP]
   496 000003C5 0F B6 45 18                     	MOVZX	EAX,BYTE [24+EBP]
   497 000003C9 50                              	PUSH	EAX
   498 000003CA 8B 45 F0                        	MOV	EAX,DWORD [-16+EBP]
   499 000003CD FF 70 04                        	PUSH	DWORD [4+EAX]
   500 000003D0 FF 30                           	PUSH	DWORD [EAX]
   501 000003D2 E8 FFFFFD08                     	CALL	_boxfill8
   502 000003D7 FF 75 E8                        	PUSH	DWORD [-24+EBP]
   503 000003DA 53                              	PUSH	EBX
   504 000003DB 57                              	PUSH	EDI
   505 000003DC FF 75 EC                        	PUSH	DWORD [-20+EBP]
   506 000003DF 8B 45 F0                        	MOV	EAX,DWORD [-16+EBP]
   507 000003E2 FF 70 04                        	PUSH	DWORD [4+EAX]
   508 000003E5 FF 30                           	PUSH	DWORD [EAX]
   509 000003E7 E8 FFFFFF51                     	CALL	_putfonts8_asc
   510 000003EC 89 7D 10                        	MOV	DWORD [16+EBP],EDI
   511 000003EF 8D 47 10                        	LEA	EAX,DWORD [16+EDI]
   512 000003F2 89 75 14                        	MOV	DWORD [20+EBP],ESI
   513 000003F5 89 45 18                        	MOV	DWORD [24+EBP],EAX
   514 000003F8 83 C4 34                        	ADD	ESP,52
   515 000003FB 8B 45 EC                        	MOV	EAX,DWORD [-20+EBP]
   516 000003FE 89 45 0C                        	MOV	DWORD [12+EBP],EAX
   517 00000401 8B 45 F0                        	MOV	EAX,DWORD [-16+EBP]
   518 00000404 89 45 08                        	MOV	DWORD [8+EBP],EAX
   519 00000407 8D 65 F4                        	LEA	ESP,DWORD [-12+EBP]
   520 0000040A 5B                              	POP	EBX
   521 0000040B 5E                              	POP	ESI
   522 0000040C 5F                              	POP	EDI
   523 0000040D 5D                              	POP	EBP
   524 0000040E E9 [00000000]                   	JMP	_sheet_refresh
   525                                          [SECTION .data]
   526 0000003E                                 _cursor.1:
   527 0000003E 2A 2A 2A 2A 2A 2A 2A 2A 2A 2A   	DB	"**************.."
       00000048 2A 2A 2A 2A 2E 2E 
   528 0000004E 2A 4F 4F 4F 4F 4F 4F 4F 4F 4F   	DB	"*OOOOOOOOOOO*..."
       00000058 4F 4F 2A 2E 2E 2E 
   529 0000005E 2A 4F 4F 4F 4F 4F 4F 4F 4F 4F   	DB	"*OOOOOOOOOO*...."
       00000068 4F 2A 2E 2E 2E 2E 
   530 0000006E 2A 4F 4F 4F 4F 4F 4F 4F 4F 4F   	DB	"*OOOOOOOOO*....."
       00000078 2A 2E 2E 2E 2E 2E 
   531 0000007E 2A 4F 4F 4F 4F 4F 4F 4F 4F 2A   	DB	"*OOOOOOOO*......"
       00000088 2E 2E 2E 2E 2E 2E 
   532 0000008E 2A 4F 4F 4F 4F 4F 4F 4F 2A 2E   	DB	"*OOOOOOO*......."
       00000098 2E 2E 2E 2E 2E 2E 
   533 0000009E 2A 4F 4F 4F 4F 4F 4F 4F 2A 2E   	DB	"*OOOOOOO*......."
       000000A8 2E 2E 2E 2E 2E 2E 
   534 000000AE 2A 4F 4F 4F 4F 4F 4F 4F 4F 2A   	DB	"*OOOOOOOO*......"
       000000B8 2E 2E 2E 2E 2E 2E 
   535 000000BE 2A 4F 4F 4F 4F 2A 2A 4F 4F 4F   	DB	"*OOOO**OOO*....."
       000000C8 2A 2E 2E 2E 2E 2E 
   536 000000CE 2A 4F 4F 4F 2A 2E 2E 2A 4F 4F   	DB	"*OOO*..*OOO*...."
       000000D8 4F 2A 2E 2E 2E 2E 
   537 000000DE 2A 4F 4F 2A 2E 2E 2E 2E 2A 4F   	DB	"*OO*....*OOO*..."
       000000E8 4F 4F 2A 2E 2E 2E 
   538 000000EE 2A 4F 2A 2E 2E 2E 2E 2E 2E 2A   	DB	"*O*......*OOO*.."
       000000F8 4F 4F 4F 2A 2E 2E 
   539 000000FE 2A 2A 2E 2E 2E 2E 2E 2E 2E 2E   	DB	"**........*OOO*."
       00000108 2A 4F 4F 4F 2A 2E 
   540 0000010E 2A 2E 2E 2E 2E 2E 2E 2E 2E 2E   	DB	"*..........*OOO*"
       00000118 2E 2A 4F 4F 4F 2A 
   541 0000011E 2E 2E 2E 2E 2E 2E 2E 2E 2E 2E   	DB	"............*OO*"
       00000128 2E 2E 2A 4F 4F 2A 
   542 0000012E 2E 2E 2E 2E 2E 2E 2E 2E 2E 2E   	DB	".............***"
       00000138 2E 2E 2E 2A 2A 2A 
   543                                          [SECTION .text]
   544 00000413                                 	GLOBAL	_init_mouse_cursor8
   545 00000413                                 _init_mouse_cursor8:
   546 00000413 55                              	PUSH	EBP
   547 00000414 89 E5                           	MOV	EBP,ESP
   548 00000416 57                              	PUSH	EDI
   549 00000417 56                              	PUSH	ESI
   550 00000418 31 FF                           	XOR	EDI,EDI
   551 0000041A 53                              	PUSH	EBX
   552 0000041B 31 DB                           	XOR	EBX,EBX
   553 0000041D 50                              	PUSH	EAX
   554 0000041E 8A 45 0C                        	MOV	AL,BYTE [12+EBP]
   555 00000421 8B 75 08                        	MOV	ESI,DWORD [8+EBP]
   556 00000424 88 45 F3                        	MOV	BYTE [-13+EBP],AL
   557 00000427                                 L64:
   558 00000427 31 D2                           	XOR	EDX,EDX
   559 00000429                                 L63:
   560 00000429 8D 04 3A                        	LEA	EAX,DWORD [EDX+EDI*1]
   561 0000042C 80 B8 [0000003E] 2A             	CMP	BYTE [_cursor.1+EAX],42
   562 00000433 74 35                           	JE	L69
   563 00000435                                 L60:
   564 00000435 80 B8 [0000003E] 4F             	CMP	BYTE [_cursor.1+EAX],79
   565 0000043C 74 26                           	JE	L70
   566 0000043E                                 L61:
   567 0000043E 80 B8 [0000003E] 2E             	CMP	BYTE [_cursor.1+EAX],46
   568 00000445 74 15                           	JE	L71
   569 00000447                                 L58:
   570 00000447 42                              	INC	EDX
   571 00000448 83 FA 0F                        	CMP	EDX,15
   572 0000044B 7E DC                           	JLE	L63
   573 0000044D 43                              	INC	EBX
   574 0000044E 83 C7 10                        	ADD	EDI,16
   575 00000451 83 FB 0F                        	CMP	EBX,15
   576 00000454 7E D1                           	JLE	L64
   577 00000456 58                              	POP	EAX
   578 00000457 5B                              	POP	EBX
   579 00000458 5E                              	POP	ESI
   580 00000459 5F                              	POP	EDI
   581 0000045A 5D                              	POP	EBP
   582 0000045B C3                              	RET
   583 0000045C                                 L71:
   584 0000045C 8A 4D F3                        	MOV	CL,BYTE [-13+EBP]
   585 0000045F 88 0C 30                        	MOV	BYTE [EAX+ESI*1],CL
   586 00000462 EB E3                           	JMP	L58
   587 00000464                                 L70:
   588 00000464 C6 04 30 07                     	MOV	BYTE [EAX+ESI*1],7
   589 00000468 EB D4                           	JMP	L61
   590 0000046A                                 L69:
   591 0000046A C6 04 30 00                     	MOV	BYTE [EAX+ESI*1],0
   592 0000046E EB C5                           	JMP	L60
   593 00000470                                 	GLOBAL	_putblock8_8
   594 00000470                                 _putblock8_8:
   595 00000470 55                              	PUSH	EBP
   596 00000471 89 E5                           	MOV	EBP,ESP
   597 00000473 57                              	PUSH	EDI
   598 00000474 56                              	PUSH	ESI
   599 00000475 31 F6                           	XOR	ESI,ESI
   600 00000477 53                              	PUSH	EBX
   601 00000478 83 EC 0C                        	SUB	ESP,12
   602 0000047B 3B 75 14                        	CMP	ESI,DWORD [20+EBP]
   603 0000047E 7D 3E                           	JGE	L84
   604 00000480 31 FF                           	XOR	EDI,EDI
   605 00000482                                 L82:
   606 00000482 31 DB                           	XOR	EBX,EBX
   607 00000484 3B 5D 10                        	CMP	EBX,DWORD [16+EBP]
   608 00000487 7D 2C                           	JGE	L86
   609 00000489 8B 45 20                        	MOV	EAX,DWORD [32+EBP]
   610 0000048C 01 F8                           	ADD	EAX,EDI
   611 0000048E 89 45 EC                        	MOV	DWORD [-20+EBP],EAX
   612 00000491                                 L81:
   613 00000491 8B 45 1C                        	MOV	EAX,DWORD [28+EBP]
   614 00000494 8B 55 18                        	MOV	EDX,DWORD [24+EBP]
   615 00000497 01 F0                           	ADD	EAX,ESI
   616 00000499 01 DA                           	ADD	EDX,EBX
   617 0000049B 0F AF 45 0C                     	IMUL	EAX,DWORD [12+EBP]
   618 0000049F 01 D0                           	ADD	EAX,EDX
   619 000004A1 8B 4D 08                        	MOV	ECX,DWORD [8+EBP]
   620 000004A4 8B 55 EC                        	MOV	EDX,DWORD [-20+EBP]
   621 000004A7 43                              	INC	EBX
   622 000004A8 8A 12                           	MOV	DL,BYTE [EDX]
   623 000004AA 88 14 08                        	MOV	BYTE [EAX+ECX*1],DL
   624 000004AD FF 45 EC                        	INC	DWORD [-20+EBP]
   625 000004B0 3B 5D 10                        	CMP	EBX,DWORD [16+EBP]
   626 000004B3 7C DC                           	JL	L81
   627 000004B5                                 L86:
   628 000004B5 46                              	INC	ESI
   629 000004B6 03 7D 24                        	ADD	EDI,DWORD [36+EBP]
   630 000004B9 3B 75 14                        	CMP	ESI,DWORD [20+EBP]
   631 000004BC 7C C4                           	JL	L82
   632 000004BE                                 L84:
   633 000004BE 83 C4 0C                        	ADD	ESP,12
   634 000004C1 5B                              	POP	EBX
   635 000004C2 5E                              	POP	ESI
   636 000004C3 5F                              	POP	EDI
   637 000004C4 5D                              	POP	EBP
   638 000004C5 C3                              	RET
