     1 00000000                                 [FORMAT "WCOFF"]
     2 00000000                                 [INSTRSET "i486p"]
     3 00000000                                 [OPTIMIZE 1]
     4 00000000                                 [OPTION 1]
     5 00000000                                 [BITS 32]
     6 00000000                                 	EXTERN	_memman_alloc_4k
     7 00000000                                 	EXTERN	_memman_free_4k
     8 00000000                                 [FILE "sheet.c"]
     9                                          [SECTION .text]
    10 00000000                                 	GLOBAL	_shtctl_init
    11 00000000                                 _shtctl_init:
    12 00000000 55                              	PUSH	EBP
    13 00000001 89 E5                           	MOV	EBP,ESP
    14 00000003 57                              	PUSH	EDI
    15 00000004 56                              	PUSH	ESI
    16 00000005 53                              	PUSH	EBX
    17 00000006 8B 75 08                        	MOV	ESI,DWORD [8+EBP]
    18 00000009 68 00002814                     	PUSH	10260
    19 0000000E 8B 7D 10                        	MOV	EDI,DWORD [16+EBP]
    20 00000011 56                              	PUSH	ESI
    21 00000012 E8 [00000000]                   	CALL	_memman_alloc_4k
    22 00000017 89 C3                           	MOV	EBX,EAX
    23 00000019 58                              	POP	EAX
    24 0000001A 5A                              	POP	EDX
    25 0000001B 85 DB                           	TEST	EBX,EBX
    26 0000001D 74 4A                           	JE	L3
    27 0000001F 8B 45 14                        	MOV	EAX,DWORD [20+EBP]
    28 00000022 0F AF C7                        	IMUL	EAX,EDI
    29 00000025 50                              	PUSH	EAX
    30 00000026 56                              	PUSH	ESI
    31 00000027 E8 [00000000]                   	CALL	_memman_alloc_4k
    32 0000002C 85 C0                           	TEST	EAX,EAX
    33 0000002E 89 43 04                        	MOV	DWORD [4+EBX],EAX
    34 00000031 5A                              	POP	EDX
    35 00000032 59                              	POP	ECX
    36 00000033 74 3E                           	JE	L11
    37 00000035 8B 45 0C                        	MOV	EAX,DWORD [12+EBP]
    38 00000038 89 7B 08                        	MOV	DWORD [8+EBX],EDI
    39 0000003B 89 03                           	MOV	DWORD [EBX],EAX
    40 0000003D 8D 93 000023DC                  	LEA	EDX,DWORD [9180+EBX]
    41 00000043 8B 45 14                        	MOV	EAX,DWORD [20+EBP]
    42 00000046 89 43 0C                        	MOV	DWORD [12+EBX],EAX
    43 00000049 89 D8                           	MOV	EAX,EBX
    44 0000004B C7 43 10 FFFFFFFF               	MOV	DWORD [16+EBX],-1
    45 00000052                                 L9:
    46 00000052 C7 80 00000430 00000000         	MOV	DWORD [1072+EAX],0
    47 0000005C 89 98 00000434                  	MOV	DWORD [1076+EAX],EBX
    48 00000062 83 C0 24                        	ADD	EAX,36
    49 00000065 39 D0                           	CMP	EAX,EDX
    50 00000067 7E E9                           	JLE	L9
    51 00000069                                 L3:
    52 00000069 8D 65 F4                        	LEA	ESP,DWORD [-12+EBP]
    53 0000006C 89 D8                           	MOV	EAX,EBX
    54 0000006E 5B                              	POP	EBX
    55 0000006F 5E                              	POP	ESI
    56 00000070 5F                              	POP	EDI
    57 00000071 5D                              	POP	EBP
    58 00000072 C3                              	RET
    59 00000073                                 L11:
    60 00000073 68 00002814                     	PUSH	10260
    61 00000078 53                              	PUSH	EBX
    62 00000079 56                              	PUSH	ESI
    63 0000007A E8 [00000000]                   	CALL	_memman_free_4k
    64 0000007F 83 C4 0C                        	ADD	ESP,12
    65 00000082 EB E5                           	JMP	L3
    66 00000084                                 	GLOBAL	_sheet_alloc
    67 00000084                                 _sheet_alloc:
    68 00000084 55                              	PUSH	EBP
    69 00000085 31 D2                           	XOR	EDX,EDX
    70 00000087 89 E5                           	MOV	EBP,ESP
    71 00000089 8B 45 08                        	MOV	EAX,DWORD [8+EBP]
    72 0000008C 05 00000414                     	ADD	EAX,1044
    73 00000091                                 L18:
    74 00000091 83 78 1C 00                     	CMP	DWORD [28+EAX],0
    75 00000095 74 10                           	JE	L21
    76 00000097 42                              	INC	EDX
    77 00000098 83 C0 24                        	ADD	EAX,36
    78 0000009B 81 FA 000000FF                  	CMP	EDX,255
    79 000000A1 7E EE                           	JLE	L18
    80 000000A3 31 C0                           	XOR	EAX,EAX
    81 000000A5                                 L12:
    82 000000A5 5D                              	POP	EBP
    83 000000A6 C3                              	RET
    84 000000A7                                 L21:
    85 000000A7 C7 40 1C 00000001               	MOV	DWORD [28+EAX],1
    86 000000AE C7 40 18 FFFFFFFF               	MOV	DWORD [24+EAX],-1
    87 000000B5 EB EE                           	JMP	L12
    88 000000B7                                 	GLOBAL	_sheet_setbuf
    89 000000B7                                 _sheet_setbuf:
    90 000000B7 55                              	PUSH	EBP
    91 000000B8 89 E5                           	MOV	EBP,ESP
    92 000000BA 8B 55 08                        	MOV	EDX,DWORD [8+EBP]
    93 000000BD 8B 45 0C                        	MOV	EAX,DWORD [12+EBP]
    94 000000C0 89 02                           	MOV	DWORD [EDX],EAX
    95 000000C2 8B 45 10                        	MOV	EAX,DWORD [16+EBP]
    96 000000C5 89 42 04                        	MOV	DWORD [4+EDX],EAX
    97 000000C8 8B 45 14                        	MOV	EAX,DWORD [20+EBP]
    98 000000CB 89 42 08                        	MOV	DWORD [8+EDX],EAX
    99 000000CE 8B 45 18                        	MOV	EAX,DWORD [24+EBP]
   100 000000D1 89 42 14                        	MOV	DWORD [20+EDX],EAX
   101 000000D4 5D                              	POP	EBP
   102 000000D5 C3                              	RET
   103 000000D6                                 	GLOBAL	_sheet_updown
   104 000000D6                                 _sheet_updown:
   105 000000D6 55                              	PUSH	EBP
   106 000000D7 89 E5                           	MOV	EBP,ESP
   107 000000D9 57                              	PUSH	EDI
   108 000000DA 56                              	PUSH	ESI
   109 000000DB 53                              	PUSH	EBX
   110 000000DC 51                              	PUSH	ECX
   111 000000DD 51                              	PUSH	ECX
   112 000000DE 8B 45 08                        	MOV	EAX,DWORD [8+EBP]
   113 000000E1 8B 5D 0C                        	MOV	EBX,DWORD [12+EBP]
   114 000000E4 8B 70 20                        	MOV	ESI,DWORD [32+EAX]
   115 000000E7 8B 78 18                        	MOV	EDI,DWORD [24+EAX]
   116 000000EA 8B 46 10                        	MOV	EAX,DWORD [16+ESI]
   117 000000ED 40                              	INC	EAX
   118 000000EE 39 C3                           	CMP	EBX,EAX
   119 000000F0 7E 02                           	JLE	L24
   120 000000F2 89 C3                           	MOV	EBX,EAX
   121 000000F4                                 L24:
   122 000000F4 83 FB FF                        	CMP	EBX,-1
   123 000000F7 7D 03                           	JGE	L25
   124 000000F9 83 CB FF                        	OR	EBX,-1
   125 000000FC                                 L25:
   126 000000FC 8B 55 08                        	MOV	EDX,DWORD [8+EBP]
   127 000000FF 39 DF                           	CMP	EDI,EBX
   128 00000101 89 5A 18                        	MOV	DWORD [24+EDX],EBX
   129 00000104 0F 8E 0000008E                  	JLE	L26
   130 0000010A 85 DB                           	TEST	EBX,EBX
   131 0000010C 78 67                           	JS	L27
   132 0000010E 89 F9                           	MOV	ECX,EDI
   133 00000110                                 L32:
   134 00000110 8B 44 8E 10                     	MOV	EAX,DWORD [16+ESI+ECX*4]
   135 00000114 89 44 8E 14                     	MOV	DWORD [20+ESI+ECX*4],EAX
   136 00000118 89 48 18                        	MOV	DWORD [24+EAX],ECX
   137 0000011B 49                              	DEC	ECX
   138 0000011C 39 D9                           	CMP	ECX,EBX
   139 0000011E 7F F0                           	JG	L32
   140 00000120 8B 45 08                        	MOV	EAX,DWORD [8+EBP]
   141 00000123 89 44 9E 14                     	MOV	DWORD [20+ESI+EBX*4],EAX
   142 00000127                                 L33:
   143 00000127 8B 55 08                        	MOV	EDX,DWORD [8+EBP]
   144 0000012A 43                              	INC	EBX
   145 0000012B 53                              	PUSH	EBX
   146 0000012C 8B 4A 10                        	MOV	ECX,DWORD [16+EDX]
   147 0000012F 89 C8                           	MOV	EAX,ECX
   148 00000131 03 42 08                        	ADD	EAX,DWORD [8+EDX]
   149 00000134 50                              	PUSH	EAX
   150 00000135 8B 42 0C                        	MOV	EAX,DWORD [12+EDX]
   151 00000138 89 45 EC                        	MOV	DWORD [-20+EBP],EAX
   152 0000013B 03 42 04                        	ADD	EAX,DWORD [4+EDX]
   153 0000013E 50                              	PUSH	EAX
   154 0000013F 51                              	PUSH	ECX
   155 00000140 FF 75 EC                        	PUSH	DWORD [-20+EBP]
   156 00000143 56                              	PUSH	ESI
   157 00000144 E8 00000346                     	CALL	_sheet_refreshmap
   158 00000149 8B 55 08                        	MOV	EDX,DWORD [8+EBP]
   159 0000014C 57                              	PUSH	EDI
   160 0000014D 53                              	PUSH	EBX
   161 0000014E 89 D3                           	MOV	EBX,EDX
   162 00000150 8B 4A 10                        	MOV	ECX,DWORD [16+EDX]
   163 00000153 89 C8                           	MOV	EAX,ECX
   164 00000155 03 42 08                        	ADD	EAX,DWORD [8+EDX]
   165 00000158 50                              	PUSH	EAX
   166 00000159 8B 52 0C                        	MOV	EDX,DWORD [12+EDX]
   167 0000015C 89 D0                           	MOV	EAX,EDX
   168 0000015E 03 43 04                        	ADD	EAX,DWORD [4+EBX]
   169 00000161                                 L61:
   170 00000161 50                              	PUSH	EAX
   171 00000162 51                              	PUSH	ECX
   172 00000163 52                              	PUSH	EDX
   173 00000164 56                              	PUSH	ESI
   174 00000165 E8 00000198                     	CALL	_sheet_refreshsub
   175 0000016A 83 C4 34                        	ADD	ESP,52
   176 0000016D                                 L23:
   177 0000016D 8D 65 F4                        	LEA	ESP,DWORD [-12+EBP]
   178 00000170 5B                              	POP	EBX
   179 00000171 5E                              	POP	ESI
   180 00000172 5F                              	POP	EDI
   181 00000173 5D                              	POP	EBP
   182 00000174 C3                              	RET
   183 00000175                                 L27:
   184 00000175 8B 46 10                        	MOV	EAX,DWORD [16+ESI]
   185 00000178 39 F8                           	CMP	EAX,EDI
   186 0000017A 7E 17                           	JLE	L34
   187 0000017C 89 F9                           	MOV	ECX,EDI
   188 0000017E 39 C7                           	CMP	EDI,EAX
   189 00000180 7D 11                           	JGE	L34
   190 00000182                                 L39:
   191 00000182 8B 44 8E 10                     	MOV	EAX,DWORD [16+ESI+ECX*4]
   192 00000186 89 44 8E 14                     	MOV	DWORD [20+ESI+ECX*4],EAX
   193 0000018A 89 48 18                        	MOV	DWORD [24+EAX],ECX
   194 0000018D 41                              	INC	ECX
   195 0000018E 3B 4E 10                        	CMP	ECX,DWORD [16+ESI]
   196 00000191 7C EF                           	JL	L39
   197 00000193                                 L34:
   198 00000193 FF 4E 10                        	DEC	DWORD [16+ESI]
   199 00000196 EB 8F                           	JMP	L33
   200 00000198                                 L26:
   201 00000198 39 DF                           	CMP	EDI,EBX
   202 0000019A 7D D1                           	JGE	L23
   203 0000019C 85 FF                           	TEST	EDI,EDI
   204 0000019E 78 55                           	JS	L42
   205 000001A0 89 F9                           	MOV	ECX,EDI
   206 000001A2 39 DF                           	CMP	EDI,EBX
   207 000001A4 7D 10                           	JGE	L58
   208 000001A6                                 L47:
   209 000001A6 8B 44 8E 18                     	MOV	EAX,DWORD [24+ESI+ECX*4]
   210 000001AA 89 44 8E 14                     	MOV	DWORD [20+ESI+ECX*4],EAX
   211 000001AE 89 48 18                        	MOV	DWORD [24+EAX],ECX
   212 000001B1 41                              	INC	ECX
   213 000001B2 39 D9                           	CMP	ECX,EBX
   214 000001B4 7C F0                           	JL	L47
   215 000001B6                                 L58:
   216 000001B6 8B 7D 08                        	MOV	EDI,DWORD [8+EBP]
   217 000001B9 89 7C 9E 14                     	MOV	DWORD [20+ESI+EBX*4],EDI
   218 000001BD                                 L48:
   219 000001BD 8B 55 08                        	MOV	EDX,DWORD [8+EBP]
   220 000001C0 53                              	PUSH	EBX
   221 000001C1 89 D7                           	MOV	EDI,EDX
   222 000001C3 8B 4A 10                        	MOV	ECX,DWORD [16+EDX]
   223 000001C6 89 C8                           	MOV	EAX,ECX
   224 000001C8 03 42 08                        	ADD	EAX,DWORD [8+EDX]
   225 000001CB 50                              	PUSH	EAX
   226 000001CC 8B 52 0C                        	MOV	EDX,DWORD [12+EDX]
   227 000001CF 89 D0                           	MOV	EAX,EDX
   228 000001D1 03 47 04                        	ADD	EAX,DWORD [4+EDI]
   229 000001D4 50                              	PUSH	EAX
   230 000001D5 51                              	PUSH	ECX
   231 000001D6 52                              	PUSH	EDX
   232 000001D7 56                              	PUSH	ESI
   233 000001D8 E8 000002B2                     	CALL	_sheet_refreshmap
   234 000001DD 53                              	PUSH	EBX
   235 000001DE 53                              	PUSH	EBX
   236 000001DF 8B 4F 10                        	MOV	ECX,DWORD [16+EDI]
   237 000001E2 89 C8                           	MOV	EAX,ECX
   238 000001E4 03 47 08                        	ADD	EAX,DWORD [8+EDI]
   239 000001E7 50                              	PUSH	EAX
   240 000001E8 8B 57 0C                        	MOV	EDX,DWORD [12+EDI]
   241 000001EB 89 D0                           	MOV	EAX,EDX
   242 000001ED 03 47 04                        	ADD	EAX,DWORD [4+EDI]
   243 000001F0 E9 FFFFFF6C                     	JMP	L61
   244 000001F5                                 L42:
   245 000001F5 8B 4E 10                        	MOV	ECX,DWORD [16+ESI]
   246 000001F8 39 D9                           	CMP	ECX,EBX
   247 000001FA 7C 13                           	JL	L60
   248 000001FC                                 L53:
   249 000001FC 8B 54 8E 14                     	MOV	EDX,DWORD [20+ESI+ECX*4]
   250 00000200 8D 41 01                        	LEA	EAX,DWORD [1+ECX]
   251 00000203 89 54 8E 18                     	MOV	DWORD [24+ESI+ECX*4],EDX
   252 00000207 49                              	DEC	ECX
   253 00000208 89 42 18                        	MOV	DWORD [24+EDX],EAX
   254 0000020B 39 D9                           	CMP	ECX,EBX
   255 0000020D 7D ED                           	JGE	L53
   256 0000020F                                 L60:
   257 0000020F 8B 45 08                        	MOV	EAX,DWORD [8+EBP]
   258 00000212 FF 46 10                        	INC	DWORD [16+ESI]
   259 00000215 89 44 9E 14                     	MOV	DWORD [20+ESI+EBX*4],EAX
   260 00000219 EB A2                           	JMP	L48
   261 0000021B                                 	GLOBAL	_sheet_refresh
   262 0000021B                                 _sheet_refresh:
   263 0000021B 55                              	PUSH	EBP
   264 0000021C 89 E5                           	MOV	EBP,ESP
   265 0000021E 53                              	PUSH	EBX
   266 0000021F 8B 55 08                        	MOV	EDX,DWORD [8+EBP]
   267 00000222 8B 42 18                        	MOV	EAX,DWORD [24+EDX]
   268 00000225 8B 5A 20                        	MOV	EBX,DWORD [32+EDX]
   269 00000228 85 C0                           	TEST	EAX,EAX
   270 0000022A 78 25                           	JS	L62
   271 0000022C 50                              	PUSH	EAX
   272 0000022D 50                              	PUSH	EAX
   273 0000022E 8B 4A 10                        	MOV	ECX,DWORD [16+EDX]
   274 00000231 89 C8                           	MOV	EAX,ECX
   275 00000233 03 4D 10                        	ADD	ECX,DWORD [16+EBP]
   276 00000236 03 45 18                        	ADD	EAX,DWORD [24+EBP]
   277 00000239 50                              	PUSH	EAX
   278 0000023A 8B 52 0C                        	MOV	EDX,DWORD [12+EDX]
   279 0000023D 89 D0                           	MOV	EAX,EDX
   280 0000023F 03 55 0C                        	ADD	EDX,DWORD [12+EBP]
   281 00000242 03 45 14                        	ADD	EAX,DWORD [20+EBP]
   282 00000245 50                              	PUSH	EAX
   283 00000246 51                              	PUSH	ECX
   284 00000247 52                              	PUSH	EDX
   285 00000248 53                              	PUSH	EBX
   286 00000249 E8 000000B4                     	CALL	_sheet_refreshsub
   287 0000024E 83 C4 1C                        	ADD	ESP,28
   288 00000251                                 L62:
   289 00000251 8B 5D FC                        	MOV	EBX,DWORD [-4+EBP]
   290 00000254 C9                              	LEAVE
   291 00000255 C3                              	RET
   292 00000256                                 	GLOBAL	_sheet_slide
   293 00000256                                 _sheet_slide:
   294 00000256 55                              	PUSH	EBP
   295 00000257 89 E5                           	MOV	EBP,ESP
   296 00000259 57                              	PUSH	EDI
   297 0000025A 56                              	PUSH	ESI
   298 0000025B 53                              	PUSH	EBX
   299 0000025C 53                              	PUSH	EBX
   300 0000025D 8B 5D 08                        	MOV	EBX,DWORD [8+EBP]
   301 00000260 8B 43 20                        	MOV	EAX,DWORD [32+EBX]
   302 00000263 8B 7B 0C                        	MOV	EDI,DWORD [12+EBX]
   303 00000266 89 45 F0                        	MOV	DWORD [-16+EBP],EAX
   304 00000269 8B 73 10                        	MOV	ESI,DWORD [16+EBX]
   305 0000026C 8B 45 0C                        	MOV	EAX,DWORD [12+EBP]
   306 0000026F 89 43 0C                        	MOV	DWORD [12+EBX],EAX
   307 00000272 8B 45 10                        	MOV	EAX,DWORD [16+EBP]
   308 00000275 89 43 10                        	MOV	DWORD [16+EBX],EAX
   309 00000278 83 7B 18 00                     	CMP	DWORD [24+EBX],0
   310 0000027C 78 7C                           	JS	L64
   311 0000027E 6A 00                           	PUSH	0
   312 00000280 89 F0                           	MOV	EAX,ESI
   313 00000282 03 43 08                        	ADD	EAX,DWORD [8+EBX]
   314 00000285 50                              	PUSH	EAX
   315 00000286 89 F8                           	MOV	EAX,EDI
   316 00000288 03 43 04                        	ADD	EAX,DWORD [4+EBX]
   317 0000028B 50                              	PUSH	EAX
   318 0000028C 56                              	PUSH	ESI
   319 0000028D 57                              	PUSH	EDI
   320 0000028E FF 75 F0                        	PUSH	DWORD [-16+EBP]
   321 00000291 E8 000001F9                     	CALL	_sheet_refreshmap
   322 00000296 8B 45 10                        	MOV	EAX,DWORD [16+EBP]
   323 00000299 FF 73 18                        	PUSH	DWORD [24+EBX]
   324 0000029C 03 43 08                        	ADD	EAX,DWORD [8+EBX]
   325 0000029F 50                              	PUSH	EAX
   326 000002A0 8B 45 0C                        	MOV	EAX,DWORD [12+EBP]
   327 000002A3 03 43 04                        	ADD	EAX,DWORD [4+EBX]
   328 000002A6 50                              	PUSH	EAX
   329 000002A7 FF 75 10                        	PUSH	DWORD [16+EBP]
   330 000002AA FF 75 0C                        	PUSH	DWORD [12+EBP]
   331 000002AD FF 75 F0                        	PUSH	DWORD [-16+EBP]
   332 000002B0 E8 000001DA                     	CALL	_sheet_refreshmap
   333 000002B5 8B 43 18                        	MOV	EAX,DWORD [24+EBX]
   334 000002B8 83 C4 30                        	ADD	ESP,48
   335 000002BB 48                              	DEC	EAX
   336 000002BC 50                              	PUSH	EAX
   337 000002BD 89 F0                           	MOV	EAX,ESI
   338 000002BF 6A 00                           	PUSH	0
   339 000002C1 03 43 08                        	ADD	EAX,DWORD [8+EBX]
   340 000002C4 50                              	PUSH	EAX
   341 000002C5 89 F8                           	MOV	EAX,EDI
   342 000002C7 03 43 04                        	ADD	EAX,DWORD [4+EBX]
   343 000002CA 50                              	PUSH	EAX
   344 000002CB 56                              	PUSH	ESI
   345 000002CC 57                              	PUSH	EDI
   346 000002CD FF 75 F0                        	PUSH	DWORD [-16+EBP]
   347 000002D0 E8 0000002D                     	CALL	_sheet_refreshsub
   348 000002D5 8B 45 10                        	MOV	EAX,DWORD [16+EBP]
   349 000002D8 FF 73 18                        	PUSH	DWORD [24+EBX]
   350 000002DB FF 73 18                        	PUSH	DWORD [24+EBX]
   351 000002DE 03 43 08                        	ADD	EAX,DWORD [8+EBX]
   352 000002E1 50                              	PUSH	EAX
   353 000002E2 8B 45 0C                        	MOV	EAX,DWORD [12+EBP]
   354 000002E5 03 43 04                        	ADD	EAX,DWORD [4+EBX]
   355 000002E8 50                              	PUSH	EAX
   356 000002E9 FF 75 10                        	PUSH	DWORD [16+EBP]
   357 000002EC FF 75 0C                        	PUSH	DWORD [12+EBP]
   358 000002EF FF 75 F0                        	PUSH	DWORD [-16+EBP]
   359 000002F2 E8 0000000B                     	CALL	_sheet_refreshsub
   360 000002F7 83 C4 38                        	ADD	ESP,56
   361 000002FA                                 L64:
   362 000002FA 8D 65 F4                        	LEA	ESP,DWORD [-12+EBP]
   363 000002FD 5B                              	POP	EBX
   364 000002FE 5E                              	POP	ESI
   365 000002FF 5F                              	POP	EDI
   366 00000300 5D                              	POP	EBP
   367 00000301 C3                              	RET
   368 00000302                                 	GLOBAL	_sheet_refreshsub
   369 00000302                                 _sheet_refreshsub:
   370 00000302 55                              	PUSH	EBP
   371 00000303 89 E5                           	MOV	EBP,ESP
   372 00000305 57                              	PUSH	EDI
   373 00000306 56                              	PUSH	ESI
   374 00000307 53                              	PUSH	EBX
   375 00000308 83 EC 2C                        	SUB	ESP,44
   376 0000030B 8B 45 08                        	MOV	EAX,DWORD [8+EBP]
   377 0000030E 8B 55 08                        	MOV	EDX,DWORD [8+EBP]
   378 00000311 83 7D 0C 00                     	CMP	DWORD [12+EBP],0
   379 00000315 8B 00                           	MOV	EAX,DWORD [EAX]
   380 00000317 8B 52 04                        	MOV	EDX,DWORD [4+EDX]
   381 0000031A 89 45 D8                        	MOV	DWORD [-40+EBP],EAX
   382 0000031D 89 55 D4                        	MOV	DWORD [-44+EBP],EDX
   383 00000320 0F 88 0000013A                  	JS	L97
   384 00000326                                 L67:
   385 00000326 83 7D 10 00                     	CMP	DWORD [16+EBP],0
   386 0000032A 0F 88 00000124                  	JS	L98
   387 00000330                                 L68:
   388 00000330 8B 75 08                        	MOV	ESI,DWORD [8+EBP]
   389 00000333 8B 46 08                        	MOV	EAX,DWORD [8+ESI]
   390 00000336 39 45 14                        	CMP	DWORD [20+EBP],EAX
   391 00000339 7E 03                           	JLE	L69
   392 0000033B 89 45 14                        	MOV	DWORD [20+EBP],EAX
   393 0000033E                                 L69:
   394 0000033E 8B 7D 08                        	MOV	EDI,DWORD [8+EBP]
   395 00000341 8B 47 0C                        	MOV	EAX,DWORD [12+EDI]
   396 00000344 39 45 18                        	CMP	DWORD [24+EBP],EAX
   397 00000347 7E 03                           	JLE	L70
   398 00000349 89 45 18                        	MOV	DWORD [24+EBP],EAX
   399 0000034C                                 L70:
   400 0000034C 8B 45 1C                        	MOV	EAX,DWORD [28+EBP]
   401 0000034F 8B 55 20                        	MOV	EDX,DWORD [32+EBP]
   402 00000352 89 45 F0                        	MOV	DWORD [-16+EBP],EAX
   403 00000355 39 D0                           	CMP	EAX,EDX
   404 00000357 0F 8F 000000D1                  	JG	L92
   405 0000035D                                 L90:
   406 0000035D 8B 7D 08                        	MOV	EDI,DWORD [8+EBP]
   407 00000360 8B 75 F0                        	MOV	ESI,DWORD [-16+EBP]
   408 00000363 8B 4D 10                        	MOV	ECX,DWORD [16+EBP]
   409 00000366 8B 5C B7 14                     	MOV	EBX,DWORD [20+EDI+ESI*4]
   410 0000036A 8B 75 14                        	MOV	ESI,DWORD [20+EBP]
   411 0000036D 8B 03                           	MOV	EAX,DWORD [EBX]
   412 0000036F 8B 53 10                        	MOV	EDX,DWORD [16+EBX]
   413 00000372 89 45 E0                        	MOV	DWORD [-32+EBP],EAX
   414 00000375 29 D1                           	SUB	ECX,EDX
   415 00000377 89 D8                           	MOV	EAX,EBX
   416 00000379 29 F8                           	SUB	EAX,EDI
   417 0000037B 8B 7D 18                        	MOV	EDI,DWORD [24+EBP]
   418 0000037E 2D 00000414                     	SUB	EAX,1044
   419 00000383 29 D7                           	SUB	EDI,EDX
   420 00000385 C1 F8 02                        	SAR	EAX,2
   421 00000388 8B 55 0C                        	MOV	EDX,DWORD [12+EBP]
   422 0000038B 69 C0 38E38E39                  	IMUL	EAX,EAX,954437177
   423 00000391 88 45 D3                        	MOV	BYTE [-45+EBP],AL
   424 00000394 89 7D C8                        	MOV	DWORD [-56+EBP],EDI
   425 00000397 8B 43 0C                        	MOV	EAX,DWORD [12+EBX]
   426 0000039A 29 C6                           	SUB	ESI,EAX
   427 0000039C 29 C2                           	SUB	EDX,EAX
   428 0000039E 89 75 E4                        	MOV	DWORD [-28+EBP],ESI
   429 000003A1 89 55 E8                        	MOV	DWORD [-24+EBP],EDX
   430 000003A4 0F 88 0000009E                  	JS	L99
   431 000003AA                                 L75:
   432 000003AA 85 C9                           	TEST	ECX,ECX
   433 000003AC 0F 88 0000008F                  	JS	L100
   434 000003B2                                 L76:
   435 000003B2 8B 43 04                        	MOV	EAX,DWORD [4+EBX]
   436 000003B5 39 45 E4                        	CMP	DWORD [-28+EBP],EAX
   437 000003B8 7E 03                           	JLE	L77
   438 000003BA 89 45 E4                        	MOV	DWORD [-28+EBP],EAX
   439 000003BD                                 L77:
   440 000003BD 8B 43 08                        	MOV	EAX,DWORD [8+EBX]
   441 000003C0 39 45 C8                        	CMP	DWORD [-56+EBP],EAX
   442 000003C3 7E 03                           	JLE	L78
   443 000003C5 89 45 C8                        	MOV	DWORD [-56+EBP],EAX
   444 000003C8                                 L78:
   445 000003C8 89 CE                           	MOV	ESI,ECX
   446 000003CA 3B 4D C8                        	CMP	ECX,DWORD [-56+EBP]
   447 000003CD 7D 50                           	JGE	L94
   448 000003CF                                 L89:
   449 000003CF 8B 7B 10                        	MOV	EDI,DWORD [16+EBX]
   450 000003D2 8B 4D E8                        	MOV	ECX,DWORD [-24+EBP]
   451 000003D5 01 F7                           	ADD	EDI,ESI
   452 000003D7 3B 4D E4                        	CMP	ECX,DWORD [-28+EBP]
   453 000003DA 89 7D EC                        	MOV	DWORD [-20+EBP],EDI
   454 000003DD 7D 3A                           	JGE	L96
   455 000003DF                                 L88:
   456 000003DF 89 F2                           	MOV	EDX,ESI
   457 000003E1 8B 43 0C                        	MOV	EAX,DWORD [12+EBX]
   458 000003E4 0F AF 53 04                     	IMUL	EDX,DWORD [4+EBX]
   459 000003E8 01 C8                           	ADD	EAX,ECX
   460 000003EA 8B 7D E0                        	MOV	EDI,DWORD [-32+EBP]
   461 000003ED 01 CA                           	ADD	EDX,ECX
   462 000003EF 89 45 CC                        	MOV	DWORD [-52+EBP],EAX
   463 000003F2 8B 45 08                        	MOV	EAX,DWORD [8+EBP]
   464 000003F5 8A 14 3A                        	MOV	DL,BYTE [EDX+EDI*1]
   465 000003F8 8B 7D D4                        	MOV	EDI,DWORD [-44+EBP]
   466 000003FB 88 55 DF                        	MOV	BYTE [-33+EBP],DL
   467 000003FE 8B 55 EC                        	MOV	EDX,DWORD [-20+EBP]
   468 00000401 0F AF 50 08                     	IMUL	EDX,DWORD [8+EAX]
   469 00000405 03 55 CC                        	ADD	EDX,DWORD [-52+EBP]
   470 00000408 8A 45 D3                        	MOV	AL,BYTE [-45+EBP]
   471 0000040B 89 55 CC                        	MOV	DWORD [-52+EBP],EDX
   472 0000040E 38 04 3A                        	CMP	BYTE [EDX+EDI*1],AL
   473 00000411 74 23                           	JE	L101
   474 00000413                                 L85:
   475 00000413 41                              	INC	ECX
   476 00000414 3B 4D E4                        	CMP	ECX,DWORD [-28+EBP]
   477 00000417 7C C6                           	JL	L88
   478 00000419                                 L96:
   479 00000419 46                              	INC	ESI
   480 0000041A 3B 75 C8                        	CMP	ESI,DWORD [-56+EBP]
   481 0000041D 7C B0                           	JL	L89
   482 0000041F                                 L94:
   483 0000041F 8B 45 20                        	MOV	EAX,DWORD [32+EBP]
   484 00000422 FF 45 F0                        	INC	DWORD [-16+EBP]
   485 00000425 39 45 F0                        	CMP	DWORD [-16+EBP],EAX
   486 00000428 0F 8E FFFFFF2F                  	JLE	L90
   487 0000042E                                 L92:
   488 0000042E 83 C4 2C                        	ADD	ESP,44
   489 00000431 5B                              	POP	EBX
   490 00000432 5E                              	POP	ESI
   491 00000433 5F                              	POP	EDI
   492 00000434 5D                              	POP	EBP
   493 00000435 C3                              	RET
   494 00000436                                 L101:
   495 00000436 8B 7D D8                        	MOV	EDI,DWORD [-40+EBP]
   496 00000439 8A 45 DF                        	MOV	AL,BYTE [-33+EBP]
   497 0000043C 88 04 3A                        	MOV	BYTE [EDX+EDI*1],AL
   498 0000043F EB D2                           	JMP	L85
   499 00000441                                 L100:
   500 00000441 31 C9                           	XOR	ECX,ECX
   501 00000443 E9 FFFFFF6A                     	JMP	L76
   502 00000448                                 L99:
   503 00000448 C7 45 E8 00000000               	MOV	DWORD [-24+EBP],0
   504 0000044F E9 FFFFFF56                     	JMP	L75
   505 00000454                                 L98:
   506 00000454 C7 45 10 00000000               	MOV	DWORD [16+EBP],0
   507 0000045B E9 FFFFFED0                     	JMP	L68
   508 00000460                                 L97:
   509 00000460 C7 45 0C 00000000               	MOV	DWORD [12+EBP],0
   510 00000467 E9 FFFFFEBA                     	JMP	L67
   511 0000046C                                 	GLOBAL	_sheet_free
   512 0000046C                                 _sheet_free:
   513 0000046C 55                              	PUSH	EBP
   514 0000046D 89 E5                           	MOV	EBP,ESP
   515 0000046F 53                              	PUSH	EBX
   516 00000470 8B 5D 08                        	MOV	EBX,DWORD [8+EBP]
   517 00000473 83 7B 18 00                     	CMP	DWORD [24+EBX],0
   518 00000477 78 0A                           	JS	L103
   519 00000479 6A FF                           	PUSH	-1
   520 0000047B 53                              	PUSH	EBX
   521 0000047C E8 FFFFFC55                     	CALL	_sheet_updown
   522 00000481 58                              	POP	EAX
   523 00000482 5A                              	POP	EDX
   524 00000483                                 L103:
   525 00000483 C7 43 1C 00000000               	MOV	DWORD [28+EBX],0
   526 0000048A 8B 5D FC                        	MOV	EBX,DWORD [-4+EBP]
   527 0000048D C9                              	LEAVE
   528 0000048E C3                              	RET
   529 0000048F                                 	GLOBAL	_sheet_refreshmap
   530 0000048F                                 _sheet_refreshmap:
   531 0000048F 55                              	PUSH	EBP
   532 00000490 89 E5                           	MOV	EBP,ESP
   533 00000492 57                              	PUSH	EDI
   534 00000493 56                              	PUSH	ESI
   535 00000494 53                              	PUSH	EBX
   536 00000495 83 EC 28                        	SUB	ESP,40
   537 00000498 8B 45 08                        	MOV	EAX,DWORD [8+EBP]
   538 0000049B 83 7D 0C 00                     	CMP	DWORD [12+EBP],0
   539 0000049F 8B 40 04                        	MOV	EAX,DWORD [4+EAX]
   540 000004A2 89 45 D8                        	MOV	DWORD [-40+EBP],EAX
   541 000004A5 0F 88 00000135                  	JS	L135
   542 000004AB                                 L105:
   543 000004AB 83 7D 10 00                     	CMP	DWORD [16+EBP],0
   544 000004AF 0F 88 0000011F                  	JS	L136
   545 000004B5                                 L106:
   546 000004B5 8B 55 08                        	MOV	EDX,DWORD [8+EBP]
   547 000004B8 8B 42 08                        	MOV	EAX,DWORD [8+EDX]
   548 000004BB 39 45 14                        	CMP	DWORD [20+EBP],EAX
   549 000004BE 7E 03                           	JLE	L107
   550 000004C0 89 45 14                        	MOV	DWORD [20+EBP],EAX
   551 000004C3                                 L107:
   552 000004C3 8B 75 08                        	MOV	ESI,DWORD [8+EBP]
   553 000004C6 8B 46 0C                        	MOV	EAX,DWORD [12+ESI]
   554 000004C9 39 45 18                        	CMP	DWORD [24+EBP],EAX
   555 000004CC 7E 03                           	JLE	L108
   556 000004CE 89 45 18                        	MOV	DWORD [24+EBP],EAX
   557 000004D1                                 L108:
   558 000004D1 8B 45 08                        	MOV	EAX,DWORD [8+EBP]
   559 000004D4 8B 7D 1C                        	MOV	EDI,DWORD [28+EBP]
   560 000004D7 89 7D F0                        	MOV	DWORD [-16+EBP],EDI
   561 000004DA 3B 78 10                        	CMP	EDI,DWORD [16+EAX]
   562 000004DD 0F 8F 000000D6                  	JG	L130
   563 000004E3                                 L128:
   564 000004E3 8B 75 08                        	MOV	ESI,DWORD [8+EBP]
   565 000004E6 8B 55 F0                        	MOV	EDX,DWORD [-16+EBP]
   566 000004E9 8B 5D 10                        	MOV	EBX,DWORD [16+EBP]
   567 000004EC 8B 4C 96 14                     	MOV	ECX,DWORD [20+ESI+EDX*4]
   568 000004F0 89 C8                           	MOV	EAX,ECX
   569 000004F2 29 F0                           	SUB	EAX,ESI
   570 000004F4 8B 39                           	MOV	EDI,DWORD [ECX]
   571 000004F6 2D 00000414                     	SUB	EAX,1044
   572 000004FB 8B 51 10                        	MOV	EDX,DWORD [16+ECX]
   573 000004FE C1 F8 02                        	SAR	EAX,2
   574 00000501 89 7D E0                        	MOV	DWORD [-32+EBP],EDI
   575 00000504 69 C0 38E38E39                  	IMUL	EAX,EAX,954437177
   576 0000050A 8B 7D 18                        	MOV	EDI,DWORD [24+EBP]
   577 0000050D 29 D3                           	SUB	EBX,EDX
   578 0000050F 29 D7                           	SUB	EDI,EDX
   579 00000511 88 45 DF                        	MOV	BYTE [-33+EBP],AL
   580 00000514 8B 75 14                        	MOV	ESI,DWORD [20+EBP]
   581 00000517 8B 55 0C                        	MOV	EDX,DWORD [12+EBP]
   582 0000051A 8B 41 0C                        	MOV	EAX,DWORD [12+ECX]
   583 0000051D 89 7D D4                        	MOV	DWORD [-44+EBP],EDI
   584 00000520 29 C6                           	SUB	ESI,EAX
   585 00000522 29 C2                           	SUB	EDX,EAX
   586 00000524 89 75 CC                        	MOV	DWORD [-52+EBP],ESI
   587 00000527 89 55 E4                        	MOV	DWORD [-28+EBP],EDX
   588 0000052A 0F 88 00000098                  	JS	L137
   589 00000530                                 L113:
   590 00000530 85 DB                           	TEST	EBX,EBX
   591 00000532 0F 88 00000089                  	JS	L138
   592 00000538                                 L114:
   593 00000538 8B 41 04                        	MOV	EAX,DWORD [4+ECX]
   594 0000053B 39 45 CC                        	CMP	DWORD [-52+EBP],EAX
   595 0000053E 7E 03                           	JLE	L115
   596 00000540 89 45 CC                        	MOV	DWORD [-52+EBP],EAX
   597 00000543                                 L115:
   598 00000543 8B 41 08                        	MOV	EAX,DWORD [8+ECX]
   599 00000546 39 45 D4                        	CMP	DWORD [-44+EBP],EAX
   600 00000549 7E 03                           	JLE	L116
   601 0000054B 89 45 D4                        	MOV	DWORD [-44+EBP],EAX
   602 0000054E                                 L116:
   603 0000054E 3B 5D D4                        	CMP	EBX,DWORD [-44+EBP]
   604 00000551 7D 54                           	JGE	L132
   605 00000553                                 L127:
   606 00000553 8B 71 10                        	MOV	ESI,DWORD [16+ECX]
   607 00000556 8B 55 E4                        	MOV	EDX,DWORD [-28+EBP]
   608 00000559 01 DE                           	ADD	ESI,EBX
   609 0000055B 3B 55 CC                        	CMP	EDX,DWORD [-52+EBP]
   610 0000055E 89 75 E8                        	MOV	DWORD [-24+EBP],ESI
   611 00000561 7D 3E                           	JGE	L134
   612 00000563                                 L126:
   613 00000563 89 D8                           	MOV	EAX,EBX
   614 00000565 8B 79 0C                        	MOV	EDI,DWORD [12+ECX]
   615 00000568 0F AF 41 04                     	IMUL	EAX,DWORD [4+ECX]
   616 0000056C 01 D7                           	ADD	EDI,EDX
   617 0000056E 8B 75 E0                        	MOV	ESI,DWORD [-32+EBP]
   618 00000571 01 D0                           	ADD	EAX,EDX
   619 00000573 89 7D EC                        	MOV	DWORD [-20+EBP],EDI
   620 00000576 0F B6 34 30                     	MOVZX	ESI,BYTE [EAX+ESI*1]
   621 0000057A 3B 71 14                        	CMP	ESI,DWORD [20+ECX]
   622 0000057D 74 1C                           	JE	L123
   623 0000057F 8B 7D 08                        	MOV	EDI,DWORD [8+EBP]
   624 00000582 8B 45 E8                        	MOV	EAX,DWORD [-24+EBP]
   625 00000585 8B 75 D8                        	MOV	ESI,DWORD [-40+EBP]
   626 00000588 0F AF 47 08                     	IMUL	EAX,DWORD [8+EDI]
   627 0000058C 03 45 EC                        	ADD	EAX,DWORD [-20+EBP]
   628 0000058F 89 45 D0                        	MOV	DWORD [-48+EBP],EAX
   629 00000592 8A 45 DF                        	MOV	AL,BYTE [-33+EBP]
   630 00000595 8B 7D D0                        	MOV	EDI,DWORD [-48+EBP]
   631 00000598 88 04 37                        	MOV	BYTE [EDI+ESI*1],AL
   632 0000059B                                 L123:
   633 0000059B 42                              	INC	EDX
   634 0000059C 3B 55 CC                        	CMP	EDX,DWORD [-52+EBP]
   635 0000059F 7C C2                           	JL	L126
   636 000005A1                                 L134:
   637 000005A1 43                              	INC	EBX
   638 000005A2 3B 5D D4                        	CMP	EBX,DWORD [-44+EBP]
   639 000005A5 7C AC                           	JL	L127
   640 000005A7                                 L132:
   641 000005A7 8B 55 08                        	MOV	EDX,DWORD [8+EBP]
   642 000005AA FF 45 F0                        	INC	DWORD [-16+EBP]
   643 000005AD 8B 45 F0                        	MOV	EAX,DWORD [-16+EBP]
   644 000005B0 3B 42 10                        	CMP	EAX,DWORD [16+EDX]
   645 000005B3 0F 8E FFFFFF2A                  	JLE	L128
   646 000005B9                                 L130:
   647 000005B9 83 C4 28                        	ADD	ESP,40
   648 000005BC 5B                              	POP	EBX
   649 000005BD 5E                              	POP	ESI
   650 000005BE 5F                              	POP	EDI
   651 000005BF 5D                              	POP	EBP
   652 000005C0 C3                              	RET
   653 000005C1                                 L138:
   654 000005C1 31 DB                           	XOR	EBX,EBX
   655 000005C3 E9 FFFFFF70                     	JMP	L114
   656 000005C8                                 L137:
   657 000005C8 C7 45 E4 00000000               	MOV	DWORD [-28+EBP],0
   658 000005CF E9 FFFFFF5C                     	JMP	L113
   659 000005D4                                 L136:
   660 000005D4 C7 45 10 00000000               	MOV	DWORD [16+EBP],0
   661 000005DB E9 FFFFFED5                     	JMP	L106
   662 000005E0                                 L135:
   663 000005E0 C7 45 0C 00000000               	MOV	DWORD [12+EBP],0
   664 000005E7 E9 FFFFFEBF                     	JMP	L105
