     1 00000000                                 [FORMAT "WCOFF"]
     2 00000000                                 [INSTRSET "i486p"]
     3 00000000                                 [OPTIMIZE 1]
     4 00000000                                 [OPTION 1]
     5 00000000                                 [BITS 32]
     6 00000000                                 	EXTERN	_init_gdtidt
     7 00000000                                 	EXTERN	_init_pic
     8 00000000                                 	EXTERN	_io_sti
     9 00000000                                 	EXTERN	_keyfifo
    10 00000000                                 	EXTERN	_fifo8_init
    11 00000000                                 	EXTERN	_mousefifo
    12 00000000                                 	EXTERN	_init_pit
    13 00000000                                 	EXTERN	_timer_alloc
    14 00000000                                 	EXTERN	_timer_init
    15 00000000                                 	EXTERN	_timer_settime
    16 00000000                                 	EXTERN	_io_out8
    17 00000000                                 	EXTERN	_init_keyboard
    18 00000000                                 	EXTERN	_enable_mouse
    19 00000000                                 	EXTERN	_memtest
    20 00000000                                 	EXTERN	_memman_init
    21 00000000                                 	EXTERN	_memman_free
    22 00000000                                 	EXTERN	_init_palette
    23 00000000                                 	EXTERN	_shtctl_init
    24 00000000                                 	EXTERN	_sheet_alloc
    25 00000000                                 	EXTERN	_memman_alloc_4k
    26 00000000                                 	EXTERN	_sheet_setbuf
    27 00000000                                 	EXTERN	_init_screen8
    28 00000000                                 	EXTERN	_init_mouse_cursor8
    29 00000000                                 	EXTERN	_sheet_slide
    30 00000000                                 	EXTERN	_sheet_updown
    31 00000000                                 	EXTERN	_memman_total
    32 00000000                                 	EXTERN	_sprintf
    33 00000000                                 	EXTERN	_putfonts8_asc
    34 00000000                                 	EXTERN	_sheet_refresh
    35 00000000                                 	EXTERN	_timerctl
    36 00000000                                 	EXTERN	_boxfill8
    37 00000000                                 	EXTERN	_io_cli
    38 00000000                                 	EXTERN	_fifo8_status
    39 00000000                                 	EXTERN	_fifo8_get
    40 00000000                                 	EXTERN	_mouse_decode
    41 00000000                                 [FILE "bootpack.c"]
    42                                          [SECTION .data]
    43 00000000                                 LC0:
    44 00000000 63 6F 75 6E 74 65 72 00         	DB	"counter",0x00
    45 00000008                                 LC1:
    46 00000008 6D 65 6D 6F 72 79 20 25 64 4B   	DB	"memory %dKB   free : %dKB",0x00
       00000012 42 20 20 20 66 72 65 65 20 3A 
       0000001C 20 25 64 4B 42 00 
    47 00000022                                 LC2:
    48 00000022 25 30 31 30 64 00               	DB	"%010d",0x00
    49 00000028                                 LC7:
    50 00000028 33 5B 73 65 63 5D 00            	DB	"3[sec]",0x00
    51 0000002F                                 LC6:
    52 0000002F 31 30 5B 73 65 63 5D 00         	DB	"10[sec]",0x00
    53 00000037                                 LC4:
    54 00000037 5B 6C 63 72 20 25 34 64 20 25   	DB	"[lcr %4d %4d]",0x00
       00000041 34 64 5D 00 
    55 00000045                                 LC5:
    56 00000045 28 25 33 64 2C 20 25 33 64 29   	DB	"(%3d, %3d)",0x00
       0000004F 00 
    57 00000050                                 LC3:
    58 00000050 25 30 32 58 00                  	DB	"%02X",0x00
    59                                          [SECTION .text]
    60 00000000                                 	GLOBAL	_HariMain
    61 00000000                                 _HariMain:
    62 00000000 55                              	PUSH	EBP
    63 00000001 89 E5                           	MOV	EBP,ESP
    64 00000003 57                              	PUSH	EDI
    65 00000004 56                              	PUSH	ESI
    66 00000005 53                              	PUSH	EBX
    67 00000006 8D B5 FFFFFE04                  	LEA	ESI,DWORD [-508+EBP]
    68 0000000C 81 EC 00000380                  	SUB	ESP,896
    69 00000012 E8 [00000000]                   	CALL	_init_gdtidt
    70 00000017 E8 [00000000]                   	CALL	_init_pic
    71 0000001C E8 [00000000]                   	CALL	_io_sti
    72 00000021 8D 85 FFFFFEA4                  	LEA	EAX,DWORD [-348+EBP]
    73 00000027 50                              	PUSH	EAX
    74 00000028 6A 20                           	PUSH	32
    75 0000002A 68 [00000000]                   	PUSH	_keyfifo
    76 0000002F E8 [00000000]                   	CALL	_fifo8_init
    77 00000034 8D 85 FFFFFE24                  	LEA	EAX,DWORD [-476+EBP]
    78 0000003A 50                              	PUSH	EAX
    79 0000003B 68 00000080                     	PUSH	128
    80 00000040 68 [00000000]                   	PUSH	_mousefifo
    81 00000045 E8 [00000000]                   	CALL	_fifo8_init
    82 0000004A E8 [00000000]                   	CALL	_init_pit
    83 0000004F 8D 85 FFFFFCAC                  	LEA	EAX,DWORD [-852+EBP]
    84 00000055 50                              	PUSH	EAX
    85 00000056 6A 08                           	PUSH	8
    86 00000058 56                              	PUSH	ESI
    87 00000059 E8 [00000000]                   	CALL	_fifo8_init
    88 0000005E 83 C4 24                        	ADD	ESP,36
    89 00000061 E8 [00000000]                   	CALL	_timer_alloc
    90 00000066 6A 01                           	PUSH	1
    91 00000068 89 C3                           	MOV	EBX,EAX
    92 0000006A 56                              	PUSH	ESI
    93 0000006B 8D B5 FFFFFDE4                  	LEA	ESI,DWORD [-540+EBP]
    94 00000071 50                              	PUSH	EAX
    95 00000072 E8 [00000000]                   	CALL	_timer_init
    96 00000077 68 000003E8                     	PUSH	1000
    97 0000007C 53                              	PUSH	EBX
    98 0000007D E8 [00000000]                   	CALL	_timer_settime
    99 00000082 8D 85 FFFFFCA4                  	LEA	EAX,DWORD [-860+EBP]
   100 00000088 50                              	PUSH	EAX
   101 00000089 6A 08                           	PUSH	8
   102 0000008B 56                              	PUSH	ESI
   103 0000008C E8 [00000000]                   	CALL	_fifo8_init
   104 00000091 83 C4 20                        	ADD	ESP,32
   105 00000094 E8 [00000000]                   	CALL	_timer_alloc
   106 00000099 6A 01                           	PUSH	1
   107 0000009B 89 C3                           	MOV	EBX,EAX
   108 0000009D 56                              	PUSH	ESI
   109 0000009E 50                              	PUSH	EAX
   110 0000009F E8 [00000000]                   	CALL	_timer_init
   111 000000A4 68 0000012C                     	PUSH	300
   112 000000A9 53                              	PUSH	EBX
   113 000000AA 8D 9D FFFFFDC4                  	LEA	EBX,DWORD [-572+EBP]
   114 000000B0 E8 [00000000]                   	CALL	_timer_settime
   115 000000B5 8D 85 FFFFFC9C                  	LEA	EAX,DWORD [-868+EBP]
   116 000000BB 50                              	PUSH	EAX
   117 000000BC 6A 08                           	PUSH	8
   118 000000BE 53                              	PUSH	EBX
   119 000000BF E8 [00000000]                   	CALL	_fifo8_init
   120 000000C4 83 C4 20                        	ADD	ESP,32
   121 000000C7 E8 [00000000]                   	CALL	_timer_alloc
   122 000000CC 6A 01                           	PUSH	1
   123 000000CE 53                              	PUSH	EBX
   124 000000CF 89 85 FFFFFC98                  	MOV	DWORD [-872+EBP],EAX
   125 000000D5 50                              	PUSH	EAX
   126 000000D6 E8 [00000000]                   	CALL	_timer_init
   127 000000DB 6A 32                           	PUSH	50
   128 000000DD FF B5 FFFFFC98                  	PUSH	DWORD [-872+EBP]
   129 000000E3 E8 [00000000]                   	CALL	_timer_settime
   130 000000E8 68 000000F8                     	PUSH	248
   131 000000ED 6A 21                           	PUSH	33
   132 000000EF E8 [00000000]                   	CALL	_io_out8
   133 000000F4 68 000000EF                     	PUSH	239
   134 000000F9 68 000000A1                     	PUSH	161
   135 000000FE E8 [00000000]                   	CALL	_io_out8
   136 00000103 83 C4 24                        	ADD	ESP,36
   137 00000106 E8 [00000000]                   	CALL	_init_keyboard
   138 0000010B 8D 85 FFFFFDB4                  	LEA	EAX,DWORD [-588+EBP]
   139 00000111 50                              	PUSH	EAX
   140 00000112 E8 [00000000]                   	CALL	_enable_mouse
   141 00000117 68 BFFFFFFF                     	PUSH	-1073741825
   142 0000011C 68 00400000                     	PUSH	4194304
   143 00000121 E8 [00000000]                   	CALL	_memtest
   144 00000126 68 003C0000                     	PUSH	3932160
   145 0000012B 89 C6                           	MOV	ESI,EAX
   146 0000012D E8 [00000000]                   	CALL	_memman_init
   147 00000132 68 0009E000                     	PUSH	647168
   148 00000137 68 00001000                     	PUSH	4096
   149 0000013C 68 003C0000                     	PUSH	3932160
   150 00000141 E8 [00000000]                   	CALL	_memman_free
   151 00000146 8D 86 FFC00000                  	LEA	EAX,DWORD [-4194304+ESI]
   152 0000014C C1 EE 0A                        	SHR	ESI,10
   153 0000014F 50                              	PUSH	EAX
   154 00000150 68 00400000                     	PUSH	4194304
   155 00000155 68 003C0000                     	PUSH	3932160
   156 0000015A E8 [00000000]                   	CALL	_memman_free
   157 0000015F 83 C4 28                        	ADD	ESP,40
   158 00000162 E8 [00000000]                   	CALL	_init_palette
   159 00000167 0F BF 05 00000FF6               	MOVSX	EAX,WORD [4086]
   160 0000016E 50                              	PUSH	EAX
   161 0000016F 0F BF 05 00000FF4               	MOVSX	EAX,WORD [4084]
   162 00000176 50                              	PUSH	EAX
   163 00000177 FF 35 00000FF8                  	PUSH	DWORD [4088]
   164 0000017D 68 003C0000                     	PUSH	3932160
   165 00000182 E8 [00000000]                   	CALL	_shtctl_init
   166 00000187 89 C3                           	MOV	EBX,EAX
   167 00000189 50                              	PUSH	EAX
   168 0000018A E8 [00000000]                   	CALL	_sheet_alloc
   169 0000018F 53                              	PUSH	EBX
   170 00000190 89 85 FFFFFC94                  	MOV	DWORD [-876+EBP],EAX
   171 00000196 E8 [00000000]                   	CALL	_sheet_alloc
   172 0000019B 53                              	PUSH	EBX
   173 0000019C 8D 9D FFFFFCB4                  	LEA	EBX,DWORD [-844+EBP]
   174 000001A2 89 85 FFFFFC8C                  	MOV	DWORD [-884+EBP],EAX
   175 000001A8 E8 [00000000]                   	CALL	_sheet_alloc
   176 000001AD 0F BF 15 00000FF6               	MOVSX	EDX,WORD [4086]
   177 000001B4 89 85 FFFFFC90                  	MOV	DWORD [-880+EBP],EAX
   178 000001BA 0F BF 05 00000FF4               	MOVSX	EAX,WORD [4084]
   179 000001C1 0F AF C2                        	IMUL	EAX,EDX
   180 000001C4 50                              	PUSH	EAX
   181 000001C5 68 003C0000                     	PUSH	3932160
   182 000001CA E8 [00000000]                   	CALL	_memman_alloc_4k
   183 000001CF 83 C4 24                        	ADD	ESP,36
   184 000001D2 68 00002A80                     	PUSH	10880
   185 000001D7 89 85 FFFFFC88                  	MOV	DWORD [-888+EBP],EAX
   186 000001DD 68 003C0000                     	PUSH	3932160
   187 000001E2 E8 [00000000]                   	CALL	_memman_alloc_4k
   188 000001E7 6A FF                           	PUSH	-1
   189 000001E9 89 85 FFFFFC84                  	MOV	DWORD [-892+EBP],EAX
   190 000001EF 0F BF 05 00000FF6               	MOVSX	EAX,WORD [4086]
   191 000001F6 50                              	PUSH	EAX
   192 000001F7 0F BF 05 00000FF4               	MOVSX	EAX,WORD [4084]
   193 000001FE 50                              	PUSH	EAX
   194 000001FF FF B5 FFFFFC88                  	PUSH	DWORD [-888+EBP]
   195 00000205 FF B5 FFFFFC94                  	PUSH	DWORD [-876+EBP]
   196 0000020B E8 [00000000]                   	CALL	_sheet_setbuf
   197 00000210 6A 63                           	PUSH	99
   198 00000212 6A 10                           	PUSH	16
   199 00000214 6A 10                           	PUSH	16
   200 00000216 53                              	PUSH	EBX
   201 00000217 FF B5 FFFFFC90                  	PUSH	DWORD [-880+EBP]
   202 0000021D E8 [00000000]                   	CALL	_sheet_setbuf
   203 00000222 83 C4 30                        	ADD	ESP,48
   204 00000225 6A FF                           	PUSH	-1
   205 00000227 6A 44                           	PUSH	68
   206 00000229 68 000000A0                     	PUSH	160
   207 0000022E FF B5 FFFFFC84                  	PUSH	DWORD [-892+EBP]
   208 00000234 FF B5 FFFFFC8C                  	PUSH	DWORD [-884+EBP]
   209 0000023A E8 [00000000]                   	CALL	_sheet_setbuf
   210 0000023F 0F BF 05 00000FF6               	MOVSX	EAX,WORD [4086]
   211 00000246 50                              	PUSH	EAX
   212 00000247 0F BF 05 00000FF4               	MOVSX	EAX,WORD [4084]
   213 0000024E 50                              	PUSH	EAX
   214 0000024F FF B5 FFFFFC88                  	PUSH	DWORD [-888+EBP]
   215 00000255 E8 [00000000]                   	CALL	_init_screen8
   216 0000025A 83 C4 20                        	ADD	ESP,32
   217 0000025D 6A 63                           	PUSH	99
   218 0000025F 53                              	PUSH	EBX
   219 00000260 BB 00000002                     	MOV	EBX,2
   220 00000265 E8 [00000000]                   	CALL	_init_mouse_cursor8
   221 0000026A 68 [00000000]                   	PUSH	LC0
   222 0000026F 6A 44                           	PUSH	68
   223 00000271 68 000000A0                     	PUSH	160
   224 00000276 FF B5 FFFFFC84                  	PUSH	DWORD [-892+EBP]
   225 0000027C E8 0000051A                     	CALL	_make_window8
   226 00000281 6A 00                           	PUSH	0
   227 00000283 6A 00                           	PUSH	0
   228 00000285 FF B5 FFFFFC94                  	PUSH	DWORD [-876+EBP]
   229 0000028B E8 [00000000]                   	CALL	_sheet_slide
   230 00000290 83 C4 24                        	ADD	ESP,36
   231 00000293 0F BF 05 00000FF4               	MOVSX	EAX,WORD [4084]
   232 0000029A 8D 48 F0                        	LEA	ECX,DWORD [-16+EAX]
   233 0000029D 89 C8                           	MOV	EAX,ECX
   234 0000029F 99                              	CDQ
   235 000002A0 F7 FB                           	IDIV	EBX
   236 000002A2 89 85 FFFFFC7C                  	MOV	DWORD [-900+EBP],EAX
   237 000002A8 0F BF 05 00000FF6               	MOVSX	EAX,WORD [4086]
   238 000002AF 8D 48 D4                        	LEA	ECX,DWORD [-44+EAX]
   239 000002B2 89 C8                           	MOV	EAX,ECX
   240 000002B4 99                              	CDQ
   241 000002B5 F7 FB                           	IDIV	EBX
   242 000002B7 50                              	PUSH	EAX
   243 000002B8 89 85 FFFFFC78                  	MOV	DWORD [-904+EBP],EAX
   244 000002BE FF B5 FFFFFC7C                  	PUSH	DWORD [-900+EBP]
   245 000002C4 FF B5 FFFFFC90                  	PUSH	DWORD [-880+EBP]
   246 000002CA 8D 5D C4                        	LEA	EBX,DWORD [-60+EBP]
   247 000002CD E8 [00000000]                   	CALL	_sheet_slide
   248 000002D2 6A 48                           	PUSH	72
   249 000002D4 6A 50                           	PUSH	80
   250 000002D6 FF B5 FFFFFC8C                  	PUSH	DWORD [-884+EBP]
   251 000002DC E8 [00000000]                   	CALL	_sheet_slide
   252 000002E1 6A 00                           	PUSH	0
   253 000002E3 FF B5 FFFFFC94                  	PUSH	DWORD [-876+EBP]
   254 000002E9 E8 [00000000]                   	CALL	_sheet_updown
   255 000002EE 83 C4 20                        	ADD	ESP,32
   256 000002F1 6A 01                           	PUSH	1
   257 000002F3 FF B5 FFFFFC8C                  	PUSH	DWORD [-884+EBP]
   258 000002F9 E8 [00000000]                   	CALL	_sheet_updown
   259 000002FE 6A 02                           	PUSH	2
   260 00000300 FF B5 FFFFFC90                  	PUSH	DWORD [-880+EBP]
   261 00000306 E8 [00000000]                   	CALL	_sheet_updown
   262 0000030B 68 003C0000                     	PUSH	3932160
   263 00000310 E8 [00000000]                   	CALL	_memman_total
   264 00000315 C1 E8 0A                        	SHR	EAX,10
   265 00000318 89 04 24                        	MOV	DWORD [ESP],EAX
   266 0000031B 56                              	PUSH	ESI
   267 0000031C 68 [00000008]                   	PUSH	LC1
   268 00000321 53                              	PUSH	EBX
   269 00000322 E8 [00000000]                   	CALL	_sprintf
   270 00000327 83 C4 20                        	ADD	ESP,32
   271 0000032A 53                              	PUSH	EBX
   272 0000032B 6A 07                           	PUSH	7
   273 0000032D 6A 20                           	PUSH	32
   274 0000032F 6A 00                           	PUSH	0
   275 00000331 0F BF 05 00000FF4               	MOVSX	EAX,WORD [4084]
   276 00000338 50                              	PUSH	EAX
   277 00000339 FF B5 FFFFFC88                  	PUSH	DWORD [-888+EBP]
   278 0000033F E8 [00000000]                   	CALL	_putfonts8_asc
   279 00000344 6A 30                           	PUSH	48
   280 00000346 0F BF 05 00000FF4               	MOVSX	EAX,WORD [4084]
   281 0000034D 50                              	PUSH	EAX
   282 0000034E 6A 00                           	PUSH	0
   283 00000350                                 L27:
   284 00000350 6A 00                           	PUSH	0
   285 00000352 FF B5 FFFFFC94                  	PUSH	DWORD [-876+EBP]
   286 00000358 E8 [00000000]                   	CALL	_sheet_refresh
   287 0000035D 83 C4 2C                        	ADD	ESP,44
   288 00000360                                 L2:
   289 00000360 FF 35 [00000000]                	PUSH	DWORD [_timerctl]
   290 00000366 68 [00000022]                   	PUSH	LC2
   291 0000036B 8D 5D C4                        	LEA	EBX,DWORD [-60+EBP]
   292 0000036E 53                              	PUSH	EBX
   293 0000036F 8D BD FFFFFE04                  	LEA	EDI,DWORD [-508+EBP]
   294 00000375 8D B5 FFFFFDC4                  	LEA	ESI,DWORD [-572+EBP]
   295 0000037B E8 [00000000]                   	CALL	_sprintf
   296 00000380 6A 2B                           	PUSH	43
   297 00000382 6A 77                           	PUSH	119
   298 00000384 6A 1C                           	PUSH	28
   299 00000386 6A 28                           	PUSH	40
   300 00000388 6A 08                           	PUSH	8
   301 0000038A 68 000000A0                     	PUSH	160
   302 0000038F FF B5 FFFFFC84                  	PUSH	DWORD [-892+EBP]
   303 00000395 E8 [00000000]                   	CALL	_boxfill8
   304 0000039A 83 C4 28                        	ADD	ESP,40
   305 0000039D 53                              	PUSH	EBX
   306 0000039E 6A 00                           	PUSH	0
   307 000003A0 6A 1C                           	PUSH	28
   308 000003A2 6A 28                           	PUSH	40
   309 000003A4 68 000000A0                     	PUSH	160
   310 000003A9 FF B5 FFFFFC84                  	PUSH	DWORD [-892+EBP]
   311 000003AF E8 [00000000]                   	CALL	_putfonts8_asc
   312 000003B4 6A 2C                           	PUSH	44
   313 000003B6 6A 78                           	PUSH	120
   314 000003B8 6A 1C                           	PUSH	28
   315 000003BA 6A 28                           	PUSH	40
   316 000003BC FF B5 FFFFFC8C                  	PUSH	DWORD [-884+EBP]
   317 000003C2 E8 [00000000]                   	CALL	_sheet_refresh
   318 000003C7 83 C4 2C                        	ADD	ESP,44
   319 000003CA E8 [00000000]                   	CALL	_io_cli
   320 000003CF 68 [00000000]                   	PUSH	_keyfifo
   321 000003D4 E8 [00000000]                   	CALL	_fifo8_status
   322 000003D9 68 [00000000]                   	PUSH	_mousefifo
   323 000003DE 89 C3                           	MOV	EBX,EAX
   324 000003E0 E8 [00000000]                   	CALL	_fifo8_status
   325 000003E5 57                              	PUSH	EDI
   326 000003E6 01 C3                           	ADD	EBX,EAX
   327 000003E8 E8 [00000000]                   	CALL	_fifo8_status
   328 000003ED 8D 95 FFFFFDE4                  	LEA	EDX,DWORD [-540+EBP]
   329 000003F3 52                              	PUSH	EDX
   330 000003F4 01 C3                           	ADD	EBX,EAX
   331 000003F6 E8 [00000000]                   	CALL	_fifo8_status
   332 000003FB 56                              	PUSH	ESI
   333 000003FC 01 C3                           	ADD	EBX,EAX
   334 000003FE E8 [00000000]                   	CALL	_fifo8_status
   335 00000403 83 C4 14                        	ADD	ESP,20
   336 00000406 8D 04 18                        	LEA	EAX,DWORD [EAX+EBX*1]
   337 00000409 85 C0                           	TEST	EAX,EAX
   338 0000040B 0F 84 00000380                  	JE	L29
   339 00000411 68 [00000000]                   	PUSH	_keyfifo
   340 00000416 E8 [00000000]                   	CALL	_fifo8_status
   341 0000041B 59                              	POP	ECX
   342 0000041C 85 C0                           	TEST	EAX,EAX
   343 0000041E 0F 85 00000308                  	JNE	L30
   344 00000424 68 [00000000]                   	PUSH	_mousefifo
   345 00000429 E8 [00000000]                   	CALL	_fifo8_status
   346 0000042E 5A                              	POP	EDX
   347 0000042F 85 C0                           	TEST	EAX,EAX
   348 00000431 0F 85 00000130                  	JNE	L31
   349 00000437 57                              	PUSH	EDI
   350 00000438 E8 [00000000]                   	CALL	_fifo8_status
   351 0000043D 5B                              	POP	EBX
   352 0000043E 85 C0                           	TEST	EAX,EAX
   353 00000440 0F 85 000000F0                  	JNE	L32
   354 00000446 8D 95 FFFFFDE4                  	LEA	EDX,DWORD [-540+EBP]
   355 0000044C 52                              	PUSH	EDX
   356 0000044D E8 [00000000]                   	CALL	_fifo8_status
   357 00000452 59                              	POP	ECX
   358 00000453 85 C0                           	TEST	EAX,EAX
   359 00000455 0F 85 00000091                  	JNE	L33
   360 0000045B 56                              	PUSH	ESI
   361 0000045C E8 [00000000]                   	CALL	_fifo8_status
   362 00000461 5A                              	POP	EDX
   363 00000462 85 C0                           	TEST	EAX,EAX
   364 00000464 0F 84 FFFFFEF6                  	JE	L2
   365 0000046A 56                              	PUSH	ESI
   366 0000046B E8 [00000000]                   	CALL	_fifo8_get
   367 00000470 89 C3                           	MOV	EBX,EAX
   368 00000472 E8 [00000000]                   	CALL	_io_sti
   369 00000477 58                              	POP	EAX
   370 00000478 85 DB                           	TEST	EBX,EBX
   371 0000047A 74 56                           	JE	L24
   372 0000047C 6A 00                           	PUSH	0
   373 0000047E 56                              	PUSH	ESI
   374 0000047F FF B5 FFFFFC98                  	PUSH	DWORD [-872+EBP]
   375 00000485 E8 [00000000]                   	CALL	_timer_init
   376 0000048A 6A 6F                           	PUSH	111
   377 0000048C 6A 0F                           	PUSH	15
   378 0000048E 6A 60                           	PUSH	96
   379 00000490 6A 08                           	PUSH	8
   380 00000492 6A 07                           	PUSH	7
   381 00000494                                 L28:
   382 00000494 0F BF 05 00000FF4               	MOVSX	EAX,WORD [4084]
   383 0000049B 50                              	PUSH	EAX
   384 0000049C FF B5 FFFFFC88                  	PUSH	DWORD [-888+EBP]
   385 000004A2 E8 [00000000]                   	CALL	_boxfill8
   386 000004A7 83 C4 28                        	ADD	ESP,40
   387 000004AA 6A 32                           	PUSH	50
   388 000004AC FF B5 FFFFFC98                  	PUSH	DWORD [-872+EBP]
   389 000004B2 E8 [00000000]                   	CALL	_timer_settime
   390 000004B7 6A 70                           	PUSH	112
   391 000004B9 6A 10                           	PUSH	16
   392 000004BB 6A 60                           	PUSH	96
   393 000004BD 6A 08                           	PUSH	8
   394 000004BF FF B5 FFFFFC94                  	PUSH	DWORD [-876+EBP]
   395 000004C5 E8 [00000000]                   	CALL	_sheet_refresh
   396 000004CA 83 C4 1C                        	ADD	ESP,28
   397 000004CD E9 FFFFFE8E                     	JMP	L2
   398 000004D2                                 L24:
   399 000004D2 6A 01                           	PUSH	1
   400 000004D4 56                              	PUSH	ESI
   401 000004D5 FF B5 FFFFFC98                  	PUSH	DWORD [-872+EBP]
   402 000004DB E8 [00000000]                   	CALL	_timer_init
   403 000004E0 6A 6F                           	PUSH	111
   404 000004E2 6A 0F                           	PUSH	15
   405 000004E4 6A 60                           	PUSH	96
   406 000004E6 6A 08                           	PUSH	8
   407 000004E8 6A 0E                           	PUSH	14
   408 000004EA EB A8                           	JMP	L28
   409 000004EC                                 L33:
   410 000004EC 8D 9D FFFFFDE4                  	LEA	EBX,DWORD [-540+EBP]
   411 000004F2 53                              	PUSH	EBX
   412 000004F3 E8 [00000000]                   	CALL	_fifo8_get
   413 000004F8 E8 [00000000]                   	CALL	_io_sti
   414 000004FD 68 [00000028]                   	PUSH	LC7
   415 00000502 6A 07                           	PUSH	7
   416 00000504 6A 50                           	PUSH	80
   417 00000506 6A 00                           	PUSH	0
   418 00000508 0F BF 05 00000FF4               	MOVSX	EAX,WORD [4084]
   419 0000050F 50                              	PUSH	EAX
   420 00000510 FF B5 FFFFFC88                  	PUSH	DWORD [-888+EBP]
   421 00000516 E8 [00000000]                   	CALL	_putfonts8_asc
   422 0000051B 6A 60                           	PUSH	96
   423 0000051D 6A 30                           	PUSH	48
   424 0000051F 6A 50                           	PUSH	80
   425 00000521                                 L26:
   426 00000521 6A 00                           	PUSH	0
   427 00000523 FF B5 FFFFFC94                  	PUSH	DWORD [-876+EBP]
   428 00000529 E8 [00000000]                   	CALL	_sheet_refresh
   429 0000052E 83 C4 30                        	ADD	ESP,48
   430 00000531 E9 FFFFFE2A                     	JMP	L2
   431 00000536                                 L32:
   432 00000536 57                              	PUSH	EDI
   433 00000537 E8 [00000000]                   	CALL	_fifo8_get
   434 0000053C E8 [00000000]                   	CALL	_io_sti
   435 00000541 68 [0000002F]                   	PUSH	LC6
   436 00000546 6A 07                           	PUSH	7
   437 00000548 6A 40                           	PUSH	64
   438 0000054A 6A 00                           	PUSH	0
   439 0000054C 0F BF 05 00000FF4               	MOVSX	EAX,WORD [4084]
   440 00000553 50                              	PUSH	EAX
   441 00000554 FF B5 FFFFFC88                  	PUSH	DWORD [-888+EBP]
   442 0000055A E8 [00000000]                   	CALL	_putfonts8_asc
   443 0000055F 6A 50                           	PUSH	80
   444 00000561 6A 38                           	PUSH	56
   445 00000563 6A 40                           	PUSH	64
   446 00000565 EB BA                           	JMP	L26
   447 00000567                                 L31:
   448 00000567 68 [00000000]                   	PUSH	_mousefifo
   449 0000056C E8 [00000000]                   	CALL	_fifo8_get
   450 00000571 89 C3                           	MOV	EBX,EAX
   451 00000573 E8 [00000000]                   	CALL	_io_sti
   452 00000578 0F B6 C3                        	MOVZX	EAX,BL
   453 0000057B 50                              	PUSH	EAX
   454 0000057C 8D 85 FFFFFDB4                  	LEA	EAX,DWORD [-588+EBP]
   455 00000582 50                              	PUSH	EAX
   456 00000583 E8 [00000000]                   	CALL	_mouse_decode
   457 00000588 83 C4 0C                        	ADD	ESP,12
   458 0000058B 85 C0                           	TEST	EAX,EAX
   459 0000058D 0F 84 FFFFFDCD                  	JE	L2
   460 00000593 FF B5 FFFFFDBC                  	PUSH	DWORD [-580+EBP]
   461 00000599 FF B5 FFFFFDB8                  	PUSH	DWORD [-584+EBP]
   462 0000059F 68 [00000037]                   	PUSH	LC4
   463 000005A4 8D 55 C4                        	LEA	EDX,DWORD [-60+EBP]
   464 000005A7 52                              	PUSH	EDX
   465 000005A8 E8 [00000000]                   	CALL	_sprintf
   466 000005AD 83 C4 10                        	ADD	ESP,16
   467 000005B0 8B 85 FFFFFDC0                  	MOV	EAX,DWORD [-576+EBP]
   468 000005B6 A9 00000001                     	TEST	EAX,1
   469 000005BB 74 04                           	JE	L11
   470 000005BD C6 45 C5 4C                     	MOV	BYTE [-59+EBP],76
   471 000005C1                                 L11:
   472 000005C1 A9 00000002                     	TEST	EAX,2
   473 000005C6 74 04                           	JE	L12
   474 000005C8 C6 45 C7 52                     	MOV	BYTE [-57+EBP],82
   475 000005CC                                 L12:
   476 000005CC 83 E0 04                        	AND	EAX,4
   477 000005CF 74 04                           	JE	L13
   478 000005D1 C6 45 C6 43                     	MOV	BYTE [-58+EBP],67
   479 000005D5                                 L13:
   480 000005D5 6A 1F                           	PUSH	31
   481 000005D7 8D 5D C4                        	LEA	EBX,DWORD [-60+EBP]
   482 000005DA 68 00000097                     	PUSH	151
   483 000005DF 6A 10                           	PUSH	16
   484 000005E1 6A 20                           	PUSH	32
   485 000005E3 6A 0E                           	PUSH	14
   486 000005E5 0F BF 05 00000FF4               	MOVSX	EAX,WORD [4084]
   487 000005EC 50                              	PUSH	EAX
   488 000005ED FF B5 FFFFFC88                  	PUSH	DWORD [-888+EBP]
   489 000005F3 E8 [00000000]                   	CALL	_boxfill8
   490 000005F8 53                              	PUSH	EBX
   491 000005F9 6A 07                           	PUSH	7
   492 000005FB 6A 10                           	PUSH	16
   493 000005FD 6A 20                           	PUSH	32
   494 000005FF 0F BF 05 00000FF4               	MOVSX	EAX,WORD [4084]
   495 00000606 50                              	PUSH	EAX
   496 00000607 FF B5 FFFFFC88                  	PUSH	DWORD [-888+EBP]
   497 0000060D E8 [00000000]                   	CALL	_putfonts8_asc
   498 00000612 83 C4 34                        	ADD	ESP,52
   499 00000615 6A 20                           	PUSH	32
   500 00000617 68 00000098                     	PUSH	152
   501 0000061C 6A 10                           	PUSH	16
   502 0000061E 6A 20                           	PUSH	32
   503 00000620 FF B5 FFFFFC94                  	PUSH	DWORD [-876+EBP]
   504 00000626 E8 [00000000]                   	CALL	_sheet_refresh
   505 0000062B 8B 95 FFFFFDB8                  	MOV	EDX,DWORD [-584+EBP]
   506 00000631 8B 85 FFFFFDBC                  	MOV	EAX,DWORD [-580+EBP]
   507 00000637 83 C4 14                        	ADD	ESP,20
   508 0000063A 01 85 FFFFFC78                  	ADD	DWORD [-904+EBP],EAX
   509 00000640 01 95 FFFFFC7C                  	ADD	DWORD [-900+EBP],EDX
   510 00000646 0F 88 000000D1                  	JS	L34
   511 0000064C                                 L14:
   512 0000064C 83 BD FFFFFC78 00               	CMP	DWORD [-904+EBP],0
   513 00000653 0F 88 000000B5                  	JS	L35
   514 00000659                                 L15:
   515 00000659 0F BF 05 00000FF4               	MOVSX	EAX,WORD [4084]
   516 00000660 48                              	DEC	EAX
   517 00000661 39 85 FFFFFC7C                  	CMP	DWORD [-900+EBP],EAX
   518 00000667 7E 06                           	JLE	L16
   519 00000669 89 85 FFFFFC7C                  	MOV	DWORD [-900+EBP],EAX
   520 0000066F                                 L16:
   521 0000066F 0F BF 05 00000FF6               	MOVSX	EAX,WORD [4086]
   522 00000676 48                              	DEC	EAX
   523 00000677 39 85 FFFFFC78                  	CMP	DWORD [-904+EBP],EAX
   524 0000067D 7E 06                           	JLE	L17
   525 0000067F 89 85 FFFFFC78                  	MOV	DWORD [-904+EBP],EAX
   526 00000685                                 L17:
   527 00000685 FF B5 FFFFFC78                  	PUSH	DWORD [-904+EBP]
   528 0000068B FF B5 FFFFFC7C                  	PUSH	DWORD [-900+EBP]
   529 00000691 68 [00000045]                   	PUSH	LC5
   530 00000696 8D 5D C4                        	LEA	EBX,DWORD [-60+EBP]
   531 00000699 53                              	PUSH	EBX
   532 0000069A E8 [00000000]                   	CALL	_sprintf
   533 0000069F 6A 0F                           	PUSH	15
   534 000006A1 6A 4F                           	PUSH	79
   535 000006A3 6A 00                           	PUSH	0
   536 000006A5 6A 00                           	PUSH	0
   537 000006A7 6A 0E                           	PUSH	14
   538 000006A9 0F BF 05 00000FF4               	MOVSX	EAX,WORD [4084]
   539 000006B0 50                              	PUSH	EAX
   540 000006B1 FF B5 FFFFFC88                  	PUSH	DWORD [-888+EBP]
   541 000006B7 E8 [00000000]                   	CALL	_boxfill8
   542 000006BC 83 C4 2C                        	ADD	ESP,44
   543 000006BF 53                              	PUSH	EBX
   544 000006C0 6A 07                           	PUSH	7
   545 000006C2 6A 00                           	PUSH	0
   546 000006C4 6A 00                           	PUSH	0
   547 000006C6 0F BF 05 00000FF4               	MOVSX	EAX,WORD [4084]
   548 000006CD 50                              	PUSH	EAX
   549 000006CE FF B5 FFFFFC88                  	PUSH	DWORD [-888+EBP]
   550 000006D4 E8 [00000000]                   	CALL	_putfonts8_asc
   551 000006D9 6A 10                           	PUSH	16
   552 000006DB 6A 50                           	PUSH	80
   553 000006DD 6A 00                           	PUSH	0
   554 000006DF 6A 00                           	PUSH	0
   555 000006E1 FF B5 FFFFFC94                  	PUSH	DWORD [-876+EBP]
   556 000006E7 E8 [00000000]                   	CALL	_sheet_refresh
   557 000006EC 83 C4 2C                        	ADD	ESP,44
   558 000006EF FF B5 FFFFFC78                  	PUSH	DWORD [-904+EBP]
   559 000006F5 FF B5 FFFFFC7C                  	PUSH	DWORD [-900+EBP]
   560 000006FB FF B5 FFFFFC90                  	PUSH	DWORD [-880+EBP]
   561 00000701 E8 [00000000]                   	CALL	_sheet_slide
   562 00000706 83 C4 0C                        	ADD	ESP,12
   563 00000709 E9 FFFFFC52                     	JMP	L2
   564 0000070E                                 L35:
   565 0000070E C7 85 FFFFFC78 00000000         	MOV	DWORD [-904+EBP],0
   566 00000718 E9 FFFFFF3C                     	JMP	L15
   567 0000071D                                 L34:
   568 0000071D C7 85 FFFFFC7C 00000000         	MOV	DWORD [-900+EBP],0
   569 00000727 E9 FFFFFF20                     	JMP	L14
   570 0000072C                                 L30:
   571 0000072C 68 [00000000]                   	PUSH	_keyfifo
   572 00000731 E8 [00000000]                   	CALL	_fifo8_get
   573 00000736 89 C3                           	MOV	EBX,EAX
   574 00000738 E8 [00000000]                   	CALL	_io_sti
   575 0000073D 53                              	PUSH	EBX
   576 0000073E 8D 5D C4                        	LEA	EBX,DWORD [-60+EBP]
   577 00000741 68 [00000050]                   	PUSH	LC3
   578 00000746 53                              	PUSH	EBX
   579 00000747 E8 [00000000]                   	CALL	_sprintf
   580 0000074C 6A 1F                           	PUSH	31
   581 0000074E 6A 0F                           	PUSH	15
   582 00000750 6A 10                           	PUSH	16
   583 00000752 6A 00                           	PUSH	0
   584 00000754 6A 0E                           	PUSH	14
   585 00000756 0F BF 05 00000FF4               	MOVSX	EAX,WORD [4084]
   586 0000075D 50                              	PUSH	EAX
   587 0000075E FF B5 FFFFFC88                  	PUSH	DWORD [-888+EBP]
   588 00000764 E8 [00000000]                   	CALL	_boxfill8
   589 00000769 83 C4 2C                        	ADD	ESP,44
   590 0000076C 53                              	PUSH	EBX
   591 0000076D 6A 07                           	PUSH	7
   592 0000076F 6A 10                           	PUSH	16
   593 00000771 6A 00                           	PUSH	0
   594 00000773 0F BF 05 00000FF4               	MOVSX	EAX,WORD [4084]
   595 0000077A 50                              	PUSH	EAX
   596 0000077B FF B5 FFFFFC88                  	PUSH	DWORD [-888+EBP]
   597 00000781 E8 [00000000]                   	CALL	_putfonts8_asc
   598 00000786 6A 20                           	PUSH	32
   599 00000788 6A 10                           	PUSH	16
   600 0000078A 6A 10                           	PUSH	16
   601 0000078C E9 FFFFFBBF                     	JMP	L27
   602 00000791                                 L29:
   603 00000791 E8 [00000000]                   	CALL	_io_sti
   604 00000796 E9 FFFFFBC5                     	JMP	L2
   605                                          [SECTION .data]
   606 00000055                                 _closebtn.0:
   607 00000055 4F 4F 4F 4F 4F 4F 4F 4F 4F 4F   	DB	"OOOOOOOOOOOOOOO@"
       0000005F 4F 4F 4F 4F 4F 40 
   608 00000065 4F 51 51 51 51 51 51 51 51 51   	DB	"OQQQQQQQQQQQQQ$@"
       0000006F 51 51 51 51 24 40 
   609 00000075 4F 51 51 51 51 51 51 51 51 51   	DB	"OQQQQQQQQQQQQQ$@"
       0000007F 51 51 51 51 24 40 
   610 00000085 4F 51 51 51 40 40 51 51 51 51   	DB	"OQQQ@@QQQQ@@QQ$@"
       0000008F 40 40 51 51 24 40 
   611 00000095 4F 51 51 51 51 40 40 51 51 40   	DB	"OQQQQ@@QQ@@QQQ$@"
       0000009F 40 51 51 51 24 40 
   612 000000A5 4F 51 51 51 51 51 40 40 40 40   	DB	"OQQQQQ@@@@QQQQ$@"
       000000AF 51 51 51 51 24 40 
   613 000000B5 4F 51 51 51 51 51 51 40 40 51   	DB	"OQQQQQQ@@QQQQQ$@"
       000000BF 51 51 51 51 24 40 
   614 000000C5 4F 51 51 51 51 51 40 40 40 40   	DB	"OQQQQQ@@@@QQQQ$@"
       000000CF 51 51 51 51 24 40 
   615 000000D5 4F 51 51 51 51 40 40 51 51 40   	DB	"OQQQQ@@QQ@@QQQ$@"
       000000DF 40 51 51 51 24 40 
   616 000000E5 4F 51 51 51 40 40 51 51 51 51   	DB	"OQQQ@@QQQQ@@QQ$@"
       000000EF 40 40 51 51 24 40 
   617 000000F5 4F 51 51 51 51 51 51 51 51 51   	DB	"OQQQQQQQQQQQQQ$@"
       000000FF 51 51 51 51 24 40 
   618 00000105 4F 51 51 51 51 51 51 51 51 51   	DB	"OQQQQQQQQQQQQQ$@"
       0000010F 51 51 51 51 24 40 
   619 00000115 4F 24 24 24 24 24 24 24 24 24   	DB	"O$$$$$$$$$$$$$$@"
       0000011F 24 24 24 24 24 40 
   620 00000125 40 40 40 40 40 40 40 40 40 40   	DB	"@@@@@@@@@@@@@@@@"
       0000012F 40 40 40 40 40 40 
   621                                          [SECTION .text]
   622 0000079B                                 	GLOBAL	_make_window8
   623 0000079B                                 _make_window8:
   624 0000079B 55                              	PUSH	EBP
   625 0000079C 89 E5                           	MOV	EBP,ESP
   626 0000079E 57                              	PUSH	EDI
   627 0000079F 56                              	PUSH	ESI
   628 000007A0 53                              	PUSH	EBX
   629 000007A1 83 EC 14                        	SUB	ESP,20
   630 000007A4 8B 5D 0C                        	MOV	EBX,DWORD [12+EBP]
   631 000007A7 6A 00                           	PUSH	0
   632 000007A9 8D 43 FF                        	LEA	EAX,DWORD [-1+EBX]
   633 000007AC 8D 7B FE                        	LEA	EDI,DWORD [-2+EBX]
   634 000007AF 50                              	PUSH	EAX
   635 000007B0 89 45 EC                        	MOV	DWORD [-20+EBP],EAX
   636 000007B3 6A 00                           	PUSH	0
   637 000007B5 6A 00                           	PUSH	0
   638 000007B7 6A 08                           	PUSH	8
   639 000007B9 53                              	PUSH	EBX
   640 000007BA FF 75 08                        	PUSH	DWORD [8+EBP]
   641 000007BD E8 [00000000]                   	CALL	_boxfill8
   642 000007C2 6A 01                           	PUSH	1
   643 000007C4 57                              	PUSH	EDI
   644 000007C5 6A 01                           	PUSH	1
   645 000007C7 6A 01                           	PUSH	1
   646 000007C9 6A 07                           	PUSH	7
   647 000007CB 53                              	PUSH	EBX
   648 000007CC FF 75 08                        	PUSH	DWORD [8+EBP]
   649 000007CF E8 [00000000]                   	CALL	_boxfill8
   650 000007D4 8B 55 10                        	MOV	EDX,DWORD [16+EBP]
   651 000007D7 83 C4 38                        	ADD	ESP,56
   652 000007DA 4A                              	DEC	EDX
   653 000007DB 89 55 E8                        	MOV	DWORD [-24+EBP],EDX
   654 000007DE 52                              	PUSH	EDX
   655 000007DF 6A 00                           	PUSH	0
   656 000007E1 6A 00                           	PUSH	0
   657 000007E3 6A 00                           	PUSH	0
   658 000007E5 6A 08                           	PUSH	8
   659 000007E7 53                              	PUSH	EBX
   660 000007E8 FF 75 08                        	PUSH	DWORD [8+EBP]
   661 000007EB E8 [00000000]                   	CALL	_boxfill8
   662 000007F0 8B 75 10                        	MOV	ESI,DWORD [16+EBP]
   663 000007F3 83 EE 02                        	SUB	ESI,2
   664 000007F6 56                              	PUSH	ESI
   665 000007F7 6A 01                           	PUSH	1
   666 000007F9 6A 01                           	PUSH	1
   667 000007FB 6A 01                           	PUSH	1
   668 000007FD 6A 07                           	PUSH	7
   669 000007FF 53                              	PUSH	EBX
   670 00000800 FF 75 08                        	PUSH	DWORD [8+EBP]
   671 00000803 E8 [00000000]                   	CALL	_boxfill8
   672 00000808 83 C4 38                        	ADD	ESP,56
   673 0000080B 56                              	PUSH	ESI
   674 0000080C 57                              	PUSH	EDI
   675 0000080D 6A 01                           	PUSH	1
   676 0000080F 57                              	PUSH	EDI
   677 00000810 6A 0F                           	PUSH	15
   678 00000812 53                              	PUSH	EBX
   679 00000813 FF 75 08                        	PUSH	DWORD [8+EBP]
   680 00000816 E8 [00000000]                   	CALL	_boxfill8
   681 0000081B FF 75 E8                        	PUSH	DWORD [-24+EBP]
   682 0000081E FF 75 EC                        	PUSH	DWORD [-20+EBP]
   683 00000821 6A 00                           	PUSH	0
   684 00000823 FF 75 EC                        	PUSH	DWORD [-20+EBP]
   685 00000826 6A 00                           	PUSH	0
   686 00000828 53                              	PUSH	EBX
   687 00000829 FF 75 08                        	PUSH	DWORD [8+EBP]
   688 0000082C E8 [00000000]                   	CALL	_boxfill8
   689 00000831 8B 45 10                        	MOV	EAX,DWORD [16+EBP]
   690 00000834 83 C4 38                        	ADD	ESP,56
   691 00000837 83 E8 03                        	SUB	EAX,3
   692 0000083A 50                              	PUSH	EAX
   693 0000083B 8D 43 FD                        	LEA	EAX,DWORD [-3+EBX]
   694 0000083E 50                              	PUSH	EAX
   695 0000083F 6A 02                           	PUSH	2
   696 00000841 6A 02                           	PUSH	2
   697 00000843 6A 08                           	PUSH	8
   698 00000845 53                              	PUSH	EBX
   699 00000846 FF 75 08                        	PUSH	DWORD [8+EBP]
   700 00000849 E8 [00000000]                   	CALL	_boxfill8
   701 0000084E 8D 43 FC                        	LEA	EAX,DWORD [-4+EBX]
   702 00000851 6A 14                           	PUSH	20
   703 00000853 50                              	PUSH	EAX
   704 00000854 6A 03                           	PUSH	3
   705 00000856 6A 03                           	PUSH	3
   706 00000858 6A 0C                           	PUSH	12
   707 0000085A 53                              	PUSH	EBX
   708 0000085B FF 75 08                        	PUSH	DWORD [8+EBP]
   709 0000085E E8 [00000000]                   	CALL	_boxfill8
   710 00000863 83 C4 38                        	ADD	ESP,56
   711 00000866 56                              	PUSH	ESI
   712 00000867 57                              	PUSH	EDI
   713 00000868 56                              	PUSH	ESI
   714 00000869 6A 01                           	PUSH	1
   715 0000086B 6A 0F                           	PUSH	15
   716 0000086D 53                              	PUSH	EBX
   717 0000086E FF 75 08                        	PUSH	DWORD [8+EBP]
   718 00000871 E8 [00000000]                   	CALL	_boxfill8
   719 00000876 FF 75 E8                        	PUSH	DWORD [-24+EBP]
   720 00000879 FF 75 EC                        	PUSH	DWORD [-20+EBP]
   721 0000087C FF 75 E8                        	PUSH	DWORD [-24+EBP]
   722 0000087F 6A 00                           	PUSH	0
   723 00000881 6A 00                           	PUSH	0
   724 00000883 6B F3 05                        	IMUL	ESI,EBX,5
   725 00000886 53                              	PUSH	EBX
   726 00000887 FF 75 08                        	PUSH	DWORD [8+EBP]
   727 0000088A E8 [00000000]                   	CALL	_boxfill8
   728 0000088F 83 C4 38                        	ADD	ESP,56
   729 00000892 FF 75 14                        	PUSH	DWORD [20+EBP]
   730 00000895 6A 07                           	PUSH	7
   731 00000897 6A 04                           	PUSH	4
   732 00000899 6A 18                           	PUSH	24
   733 0000089B 53                              	PUSH	EBX
   734 0000089C FF 75 08                        	PUSH	DWORD [8+EBP]
   735 0000089F E8 [00000000]                   	CALL	_putfonts8_asc
   736 000008A4 83 C4 18                        	ADD	ESP,24
   737 000008A7 C7 45 F0 00000000               	MOV	DWORD [-16+EBP],0
   738 000008AE C7 45 E0 00000000               	MOV	DWORD [-32+EBP],0
   739 000008B5                                 L52:
   740 000008B5 8D 04 1E                        	LEA	EAX,DWORD [ESI+EBX*1]
   741 000008B8 8B 55 08                        	MOV	EDX,DWORD [8+EBP]
   742 000008BB 31 FF                           	XOR	EDI,EDI
   743 000008BD 8D 4C 02 EB                     	LEA	ECX,DWORD [-21+EDX+EAX*1]
   744 000008C1                                 L51:
   745 000008C1 8B 45 E0                        	MOV	EAX,DWORD [-32+EBP]
   746 000008C4 8A 94 07 [00000055]             	MOV	DL,BYTE [_closebtn.0+EDI+EAX*1]
   747 000008CB 80 FA 40                        	CMP	DL,64
   748 000008CE 74 33                           	JE	L57
   749 000008D0 80 FA 24                        	CMP	DL,36
   750 000008D3 74 2A                           	JE	L58
   751 000008D5 80 FA 51                        	CMP	DL,81
   752 000008D8 B2 08                           	MOV	DL,8
   753 000008DA 0F 95 C0                        	SETNE	AL
   754 000008DD 28 C2                           	SUB	DL,AL
   755 000008DF                                 L46:
   756 000008DF 47                              	INC	EDI
   757 000008E0 88 11                           	MOV	BYTE [ECX],DL
   758 000008E2 41                              	INC	ECX
   759 000008E3 83 FF 0F                        	CMP	EDI,15
   760 000008E6 7E D9                           	JLE	L51
   761 000008E8 FF 45 F0                        	INC	DWORD [-16+EBP]
   762 000008EB 01 DE                           	ADD	ESI,EBX
   763 000008ED 83 45 E0 10                     	ADD	DWORD [-32+EBP],16
   764 000008F1 83 7D F0 0D                     	CMP	DWORD [-16+EBP],13
   765 000008F5 7E BE                           	JLE	L52
   766 000008F7 8D 65 F4                        	LEA	ESP,DWORD [-12+EBP]
   767 000008FA 5B                              	POP	EBX
   768 000008FB 5E                              	POP	ESI
   769 000008FC 5F                              	POP	EDI
   770 000008FD 5D                              	POP	EBP
   771 000008FE C3                              	RET
   772 000008FF                                 L58:
   773 000008FF B2 0F                           	MOV	DL,15
   774 00000901 EB DC                           	JMP	L46
   775 00000903                                 L57:
   776 00000903 31 D2                           	XOR	EDX,EDX
   777 00000905 EB D8                           	JMP	L46
