     1 00000000                                 [FORMAT "WCOFF"]
     2 00000000                                 [INSTRSET "i486p"]
     3 00000000                                 [OPTIMIZE 1]
     4 00000000                                 [OPTION 1]
     5 00000000                                 [BITS 32]
     6 00000000                                 [FILE "fifo.c"]
     7                                          [SECTION .text]
     8 00000000                                 	GLOBAL	_fifo8_init
     9 00000000                                 _fifo8_init:
    10 00000000 55                              	PUSH	EBP
    11 00000001 89 E5                           	MOV	EBP,ESP
    12 00000003 8B 45 08                        	MOV	EAX,DWORD [8+EBP]
    13 00000006 8B 55 0C                        	MOV	EDX,DWORD [12+EBP]
    14 00000009 89 50 0C                        	MOV	DWORD [12+EAX],EDX
    15 0000000C 89 50 10                        	MOV	DWORD [16+EAX],EDX
    16 0000000F 8B 55 10                        	MOV	EDX,DWORD [16+EBP]
    17 00000012 89 10                           	MOV	DWORD [EAX],EDX
    18 00000014 C7 40 14 00000000               	MOV	DWORD [20+EAX],0
    19 0000001B C7 40 04 00000000               	MOV	DWORD [4+EAX],0
    20 00000022 C7 40 08 00000000               	MOV	DWORD [8+EAX],0
    21 00000029 5D                              	POP	EBP
    22 0000002A C3                              	RET
    23 0000002B                                 	GLOBAL	_fifo8_put
    24 0000002B                                 _fifo8_put:
    25 0000002B 55                              	PUSH	EBP
    26 0000002C 89 E5                           	MOV	EBP,ESP
    27 0000002E 53                              	PUSH	EBX
    28 0000002F 8B 4D 08                        	MOV	ECX,DWORD [8+EBP]
    29 00000032 8B 5D 0C                        	MOV	EBX,DWORD [12+EBP]
    30 00000035 83 79 10 00                     	CMP	DWORD [16+ECX],0
    31 00000039 75 0A                           	JNE	L3
    32 0000003B 83 49 14 01                     	OR	DWORD [20+ECX],1
    33 0000003F 83 C8 FF                        	OR	EAX,-1
    34 00000042                                 L2:
    35 00000042 5B                              	POP	EBX
    36 00000043 5D                              	POP	EBP
    37 00000044 C3                              	RET
    38 00000045                                 L3:
    39 00000045 8B 01                           	MOV	EAX,DWORD [ECX]
    40 00000047 8B 51 04                        	MOV	EDX,DWORD [4+ECX]
    41 0000004A 88 1C 02                        	MOV	BYTE [EDX+EAX*1],BL
    42 0000004D 8B 41 04                        	MOV	EAX,DWORD [4+ECX]
    43 00000050 40                              	INC	EAX
    44 00000051 89 41 04                        	MOV	DWORD [4+ECX],EAX
    45 00000054 3B 41 0C                        	CMP	EAX,DWORD [12+ECX]
    46 00000057 74 07                           	JE	L5
    47 00000059                                 L4:
    48 00000059 FF 49 10                        	DEC	DWORD [16+ECX]
    49 0000005C 31 C0                           	XOR	EAX,EAX
    50 0000005E EB E2                           	JMP	L2
    51 00000060                                 L5:
    52 00000060 C7 41 04 00000000               	MOV	DWORD [4+ECX],0
    53 00000067 EB F0                           	JMP	L4
    54 00000069                                 	GLOBAL	_fifo8_get
    55 00000069                                 _fifo8_get:
    56 00000069 55                              	PUSH	EBP
    57 0000006A 83 C8 FF                        	OR	EAX,-1
    58 0000006D 89 E5                           	MOV	EBP,ESP
    59 0000006F 53                              	PUSH	EBX
    60 00000070 8B 4D 08                        	MOV	ECX,DWORD [8+EBP]
    61 00000073 8B 59 10                        	MOV	EBX,DWORD [16+ECX]
    62 00000076 85 DB                           	TEST	EBX,EBX
    63 00000078 74 1A                           	JE	L6
    64 0000007A 8B 41 08                        	MOV	EAX,DWORD [8+ECX]
    65 0000007D 8B 11                           	MOV	EDX,DWORD [ECX]
    66 0000007F 0F B6 14 10                     	MOVZX	EDX,BYTE [EAX+EDX*1]
    67 00000083 40                              	INC	EAX
    68 00000084 89 41 08                        	MOV	DWORD [8+ECX],EAX
    69 00000087 3B 41 0C                        	CMP	EAX,DWORD [12+ECX]
    70 0000008A 74 0B                           	JE	L9
    71 0000008C                                 L8:
    72 0000008C 8D 43 01                        	LEA	EAX,DWORD [1+EBX]
    73 0000008F 89 41 10                        	MOV	DWORD [16+ECX],EAX
    74 00000092 89 D0                           	MOV	EAX,EDX
    75 00000094                                 L6:
    76 00000094 5B                              	POP	EBX
    77 00000095 5D                              	POP	EBP
    78 00000096 C3                              	RET
    79 00000097                                 L9:
    80 00000097 C7 41 08 00000000               	MOV	DWORD [8+ECX],0
    81 0000009E EB EC                           	JMP	L8
    82 000000A0                                 	GLOBAL	_fifo8_status
    83 000000A0                                 _fifo8_status:
    84 000000A0 55                              	PUSH	EBP
    85 000000A1 89 E5                           	MOV	EBP,ESP
    86 000000A3 8B 55 08                        	MOV	EDX,DWORD [8+EBP]
    87 000000A6 5D                              	POP	EBP
    88 000000A7 8B 42 0C                        	MOV	EAX,DWORD [12+EDX]
    89 000000AA 2B 42 10                        	SUB	EAX,DWORD [16+EDX]
    90 000000AD C3                              	RET
