     1 00000000                                 [FORMAT "WCOFF"]
     2 00000000                                 [INSTRSET "i486p"]
     3 00000000                                 [OPTIMIZE 1]
     4 00000000                                 [OPTION 1]
     5 00000000                                 [BITS 32]
     6 00000000                                 	EXTERN	_table_rgb.0
     7 00000000                                 	EXTERN	_io_load_eflags
     8 00000000                                 	EXTERN	_io_cli
     9 00000000                                 	EXTERN	_io_out8
    10 00000000                                 	EXTERN	_io_store_eflags
    11 00000000                                 	EXTERN	_hankaku
    12 00000000                                 [FILE "graphic.c"]
    13                                          [SECTION .data]
    14 00000000                                 _table_rgb.0:
    15 00000000 00                              	DB	0
    16 00000001 00                              	DB	0
    17 00000002 00                              	DB	0
    18 00000003 FF                              	DB	-1
    19 00000004 00                              	DB	0
    20 00000005 00                              	DB	0
    21 00000006 00                              	DB	0
    22 00000007 FF                              	DB	-1
    23 00000008 00                              	DB	0
    24 00000009 FF                              	DB	-1
    25 0000000A FF                              	DB	-1
    26 0000000B 00                              	DB	0
    27 0000000C 00                              	DB	0
    28 0000000D 00                              	DB	0
    29 0000000E FF                              	DB	-1
    30 0000000F FF                              	DB	-1
    31 00000010 00                              	DB	0
    32 00000011 FF                              	DB	-1
    33 00000012 00                              	DB	0
    34 00000013 FF                              	DB	-1
    35 00000014 FF                              	DB	-1
    36 00000015 FF                              	DB	-1
    37 00000016 FF                              	DB	-1
    38 00000017 FF                              	DB	-1
    39 00000018 C6                              	DB	-58
    40 00000019 C6                              	DB	-58
    41 0000001A C6                              	DB	-58
    42 0000001B 84                              	DB	-124
    43 0000001C 00                              	DB	0
    44 0000001D 00                              	DB	0
    45 0000001E 00                              	DB	0
    46 0000001F 84                              	DB	-124
    47 00000020 00                              	DB	0
    48 00000021 84                              	DB	-124
    49 00000022 84                              	DB	-124
    50 00000023 00                              	DB	0
    51 00000024 00                              	DB	0
    52 00000025 00                              	DB	0
    53 00000026 84                              	DB	-124
    54 00000027 84                              	DB	-124
    55 00000028 00                              	DB	0
    56 00000029 84                              	DB	-124
    57 0000002A 00                              	DB	0
    58 0000002B 84                              	DB	-124
    59 0000002C 84                              	DB	-124
    60 0000002D 84                              	DB	-124
    61 0000002E 84                              	DB	-124
    62 0000002F 84                              	DB	-124
    63 00000030                                 LC0:
    64 00000030 69 6E 69 74 5F 70 61 6C 6C 65   	DB	"init_pallette",0x00
       0000003A 74 74 65 00 
    65                                          [SECTION .text]
    66 00000000                                 	GLOBAL	_init_palette
    67 00000000                                 _init_palette:
    68 00000000 55                              	PUSH	EBP
    69 00000001 89 E5                           	MOV	EBP,ESP
    70 00000003 68 [00000000]                   	PUSH	_table_rgb.0
    71 00000008 6A 0F                           	PUSH	15
    72 0000000A 6A 00                           	PUSH	0
    73 0000000C E8 00000046                     	CALL	_set_palette
    74 00000011 6A 14                           	PUSH	20
    75 00000013 0F BF 05 00000FF4               	MOVSX	EAX,WORD [4084]
    76 0000001A 50                              	PUSH	EAX
    77 0000001B 6A 00                           	PUSH	0
    78 0000001D 6A 00                           	PUSH	0
    79 0000001F 6A 0D                           	PUSH	13
    80 00000021 0F BF 05 00000FF4               	MOVSX	EAX,WORD [4084]
    81 00000028 50                              	PUSH	EAX
    82 00000029 FF 35 00000FF8                  	PUSH	DWORD [4088]
    83 0000002F E8 000000AB                     	CALL	_boxfill8
    84 00000034 83 C4 28                        	ADD	ESP,40
    85 00000037 68 [00000030]                   	PUSH	LC0
    86 0000003C 6A 0F                           	PUSH	15
    87 0000003E 6A 01                           	PUSH	1
    88 00000040 6A 01                           	PUSH	1
    89 00000042 0F BF 05 00000FF4               	MOVSX	EAX,WORD [4084]
    90 00000049 50                              	PUSH	EAX
    91 0000004A FF 35 00000FF8                  	PUSH	DWORD [4088]
    92 00000050 E8 000002E8                     	CALL	_putfonts8_asc
    93 00000055 C9                              	LEAVE
    94 00000056 C3                              	RET
    95 00000057                                 	GLOBAL	_set_palette
    96 00000057                                 _set_palette:
    97 00000057 55                              	PUSH	EBP
    98 00000058 89 E5                           	MOV	EBP,ESP
    99 0000005A 57                              	PUSH	EDI
   100 0000005B 56                              	PUSH	ESI
   101 0000005C 53                              	PUSH	EBX
   102 0000005D 51                              	PUSH	ECX
   103 0000005E 8B 5D 08                        	MOV	EBX,DWORD [8+EBP]
   104 00000061 8B 7D 0C                        	MOV	EDI,DWORD [12+EBP]
   105 00000064 8B 75 10                        	MOV	ESI,DWORD [16+EBP]
   106 00000067 E8 [00000000]                   	CALL	_io_load_eflags
   107 0000006C 89 45 F0                        	MOV	DWORD [-16+EBP],EAX
   108 0000006F E8 [00000000]                   	CALL	_io_cli
   109 00000074 53                              	PUSH	EBX
   110 00000075 68 000003C8                     	PUSH	968
   111 0000007A E8 [00000000]                   	CALL	_io_out8
   112 0000007F 39 FB                           	CMP	EBX,EDI
   113 00000081 58                              	POP	EAX
   114 00000082 5A                              	POP	EDX
   115 00000083 7E 12                           	JLE	L7
   116 00000085                                 L9:
   117 00000085 8B 45 F0                        	MOV	EAX,DWORD [-16+EBP]
   118 00000088 89 45 08                        	MOV	DWORD [8+EBP],EAX
   119 0000008B 8D 65 F4                        	LEA	ESP,DWORD [-12+EBP]
   120 0000008E 5B                              	POP	EBX
   121 0000008F 5E                              	POP	ESI
   122 00000090 5F                              	POP	EDI
   123 00000091 5D                              	POP	EBP
   124 00000092 E9 [00000000]                   	JMP	_io_store_eflags
   125 00000097                                 L7:
   126 00000097 8A 06                           	MOV	AL,BYTE [ESI]
   127 00000099 43                              	INC	EBX
   128 0000009A C0 E8 02                        	SHR	AL,2
   129 0000009D 0F B6 C0                        	MOVZX	EAX,AL
   130 000000A0 50                              	PUSH	EAX
   131 000000A1 68 000003C9                     	PUSH	969
   132 000000A6 E8 [00000000]                   	CALL	_io_out8
   133 000000AB 8A 46 01                        	MOV	AL,BYTE [1+ESI]
   134 000000AE C0 E8 02                        	SHR	AL,2
   135 000000B1 0F B6 C0                        	MOVZX	EAX,AL
   136 000000B4 50                              	PUSH	EAX
   137 000000B5 68 000003C9                     	PUSH	969
   138 000000BA E8 [00000000]                   	CALL	_io_out8
   139 000000BF 8A 46 02                        	MOV	AL,BYTE [2+ESI]
   140 000000C2 C0 E8 02                        	SHR	AL,2
   141 000000C5 83 C6 03                        	ADD	ESI,3
   142 000000C8 0F B6 C0                        	MOVZX	EAX,AL
   143 000000CB 50                              	PUSH	EAX
   144 000000CC 68 000003C9                     	PUSH	969
   145 000000D1 E8 [00000000]                   	CALL	_io_out8
   146 000000D6 83 C4 18                        	ADD	ESP,24
   147 000000D9 39 FB                           	CMP	EBX,EDI
   148 000000DB 7E BA                           	JLE	L7
   149 000000DD EB A6                           	JMP	L9
   150 000000DF                                 	GLOBAL	_boxfill8
   151 000000DF                                 _boxfill8:
   152 000000DF 55                              	PUSH	EBP
   153 000000E0 89 E5                           	MOV	EBP,ESP
   154 000000E2 57                              	PUSH	EDI
   155 000000E3 56                              	PUSH	ESI
   156 000000E4 53                              	PUSH	EBX
   157 000000E5 57                              	PUSH	EDI
   158 000000E6 57                              	PUSH	EDI
   159 000000E7 8A 45 10                        	MOV	AL,BYTE [16+EBP]
   160 000000EA 8B 4D 18                        	MOV	ECX,DWORD [24+EBP]
   161 000000ED 8B 7D 1C                        	MOV	EDI,DWORD [28+EBP]
   162 000000F0 88 45 F3                        	MOV	BYTE [-13+EBP],AL
   163 000000F3 3B 4D 20                        	CMP	ECX,DWORD [32+EBP]
   164 000000F6 7F 31                           	JG	L22
   165 000000F8 8B 5D 0C                        	MOV	EBX,DWORD [12+EBP]
   166 000000FB 0F AF D9                        	IMUL	EBX,ECX
   167 000000FE                                 L20:
   168 000000FE 8B 55 14                        	MOV	EDX,DWORD [20+EBP]
   169 00000101 39 FA                           	CMP	EDX,EDI
   170 00000103 7F 1B                           	JG	L24
   171 00000105 8B 75 08                        	MOV	ESI,DWORD [8+EBP]
   172 00000108 01 DE                           	ADD	ESI,EBX
   173 0000010A 01 D6                           	ADD	ESI,EDX
   174 0000010C 89 75 EC                        	MOV	DWORD [-20+EBP],ESI
   175 0000010F                                 L19:
   176 0000010F 8B 75 EC                        	MOV	ESI,DWORD [-20+EBP]
   177 00000112 8A 45 F3                        	MOV	AL,BYTE [-13+EBP]
   178 00000115 42                              	INC	EDX
   179 00000116 88 06                           	MOV	BYTE [ESI],AL
   180 00000118 46                              	INC	ESI
   181 00000119 89 75 EC                        	MOV	DWORD [-20+EBP],ESI
   182 0000011C 39 FA                           	CMP	EDX,EDI
   183 0000011E 7E EF                           	JLE	L19
   184 00000120                                 L24:
   185 00000120 41                              	INC	ECX
   186 00000121 03 5D 0C                        	ADD	EBX,DWORD [12+EBP]
   187 00000124 3B 4D 20                        	CMP	ECX,DWORD [32+EBP]
   188 00000127 7E D5                           	JLE	L20
   189 00000129                                 L22:
   190 00000129 5B                              	POP	EBX
   191 0000012A 5E                              	POP	ESI
   192 0000012B 5B                              	POP	EBX
   193 0000012C 5E                              	POP	ESI
   194 0000012D 5F                              	POP	EDI
   195 0000012E 5D                              	POP	EBP
   196 0000012F C3                              	RET
   197 00000130                                 	GLOBAL	_init_screen8
   198 00000130                                 _init_screen8:
   199 00000130 55                              	PUSH	EBP
   200 00000131 89 E5                           	MOV	EBP,ESP
   201 00000133 57                              	PUSH	EDI
   202 00000134 56                              	PUSH	ESI
   203 00000135 53                              	PUSH	EBX
   204 00000136 83 EC 0C                        	SUB	ESP,12
   205 00000139 8B 7D 0C                        	MOV	EDI,DWORD [12+EBP]
   206 0000013C FF 75 10                        	PUSH	DWORD [16+EBP]
   207 0000013F 4F                              	DEC	EDI
   208 00000140 57                              	PUSH	EDI
   209 00000141 6A 00                           	PUSH	0
   210 00000143 6A 00                           	PUSH	0
   211 00000145 6A 0E                           	PUSH	14
   212 00000147 FF 75 0C                        	PUSH	DWORD [12+EBP]
   213 0000014A FF 75 08                        	PUSH	DWORD [8+EBP]
   214 0000014D E8 FFFFFF8D                     	CALL	_boxfill8
   215 00000152 8B 45 10                        	MOV	EAX,DWORD [16+EBP]
   216 00000155 83 E8 1C                        	SUB	EAX,28
   217 00000158 50                              	PUSH	EAX
   218 00000159 57                              	PUSH	EDI
   219 0000015A 50                              	PUSH	EAX
   220 0000015B 6A 00                           	PUSH	0
   221 0000015D 6A 08                           	PUSH	8
   222 0000015F FF 75 0C                        	PUSH	DWORD [12+EBP]
   223 00000162 FF 75 08                        	PUSH	DWORD [8+EBP]
   224 00000165 E8 FFFFFF75                     	CALL	_boxfill8
   225 0000016A 8B 45 10                        	MOV	EAX,DWORD [16+EBP]
   226 0000016D 83 C4 38                        	ADD	ESP,56
   227 00000170 83 E8 1B                        	SUB	EAX,27
   228 00000173 50                              	PUSH	EAX
   229 00000174 57                              	PUSH	EDI
   230 00000175 50                              	PUSH	EAX
   231 00000176 6A 00                           	PUSH	0
   232 00000178 6A 07                           	PUSH	7
   233 0000017A FF 75 0C                        	PUSH	DWORD [12+EBP]
   234 0000017D FF 75 08                        	PUSH	DWORD [8+EBP]
   235 00000180 E8 FFFFFF5A                     	CALL	_boxfill8
   236 00000185 8B 45 10                        	MOV	EAX,DWORD [16+EBP]
   237 00000188 48                              	DEC	EAX
   238 00000189 50                              	PUSH	EAX
   239 0000018A 8B 45 10                        	MOV	EAX,DWORD [16+EBP]
   240 0000018D 57                              	PUSH	EDI
   241 0000018E 83 E8 1A                        	SUB	EAX,26
   242 00000191 50                              	PUSH	EAX
   243 00000192 6A 00                           	PUSH	0
   244 00000194 6A 08                           	PUSH	8
   245 00000196 FF 75 0C                        	PUSH	DWORD [12+EBP]
   246 00000199 FF 75 08                        	PUSH	DWORD [8+EBP]
   247 0000019C E8 FFFFFF3E                     	CALL	_boxfill8
   248 000001A1 8B 75 10                        	MOV	ESI,DWORD [16+EBP]
   249 000001A4 83 C4 38                        	ADD	ESP,56
   250 000001A7 83 EE 18                        	SUB	ESI,24
   251 000001AA 56                              	PUSH	ESI
   252 000001AB 6A 3B                           	PUSH	59
   253 000001AD 56                              	PUSH	ESI
   254 000001AE 6A 03                           	PUSH	3
   255 000001B0 6A 07                           	PUSH	7
   256 000001B2 FF 75 0C                        	PUSH	DWORD [12+EBP]
   257 000001B5 FF 75 08                        	PUSH	DWORD [8+EBP]
   258 000001B8 E8 FFFFFF22                     	CALL	_boxfill8
   259 000001BD 8B 45 10                        	MOV	EAX,DWORD [16+EBP]
   260 000001C0 83 E8 04                        	SUB	EAX,4
   261 000001C3 50                              	PUSH	EAX
   262 000001C4 89 45 F0                        	MOV	DWORD [-16+EBP],EAX
   263 000001C7 6A 02                           	PUSH	2
   264 000001C9 56                              	PUSH	ESI
   265 000001CA 6A 02                           	PUSH	2
   266 000001CC 6A 07                           	PUSH	7
   267 000001CE FF 75 0C                        	PUSH	DWORD [12+EBP]
   268 000001D1 FF 75 08                        	PUSH	DWORD [8+EBP]
   269 000001D4 E8 FFFFFF06                     	CALL	_boxfill8
   270 000001D9 83 C4 38                        	ADD	ESP,56
   271 000001DC FF 75 F0                        	PUSH	DWORD [-16+EBP]
   272 000001DF 6A 3B                           	PUSH	59
   273 000001E1 FF 75 F0                        	PUSH	DWORD [-16+EBP]
   274 000001E4 6A 03                           	PUSH	3
   275 000001E6 6A 0F                           	PUSH	15
   276 000001E8 FF 75 0C                        	PUSH	DWORD [12+EBP]
   277 000001EB FF 75 08                        	PUSH	DWORD [8+EBP]
   278 000001EE E8 FFFFFEEC                     	CALL	_boxfill8
   279 000001F3 8B 45 10                        	MOV	EAX,DWORD [16+EBP]
   280 000001F6 83 E8 05                        	SUB	EAX,5
   281 000001F9 50                              	PUSH	EAX
   282 000001FA 8B 45 10                        	MOV	EAX,DWORD [16+EBP]
   283 000001FD 6A 3B                           	PUSH	59
   284 000001FF 83 E8 17                        	SUB	EAX,23
   285 00000202 50                              	PUSH	EAX
   286 00000203 89 45 EC                        	MOV	DWORD [-20+EBP],EAX
   287 00000206 6A 3B                           	PUSH	59
   288 00000208 6A 0F                           	PUSH	15
   289 0000020A FF 75 0C                        	PUSH	DWORD [12+EBP]
   290 0000020D FF 75 08                        	PUSH	DWORD [8+EBP]
   291 00000210 E8 FFFFFECA                     	CALL	_boxfill8
   292 00000215 8B 45 10                        	MOV	EAX,DWORD [16+EBP]
   293 00000218 83 C4 38                        	ADD	ESP,56
   294 0000021B 83 E8 03                        	SUB	EAX,3
   295 0000021E 89 45 E8                        	MOV	DWORD [-24+EBP],EAX
   296 00000221 50                              	PUSH	EAX
   297 00000222 6A 3B                           	PUSH	59
   298 00000224 50                              	PUSH	EAX
   299 00000225 6A 02                           	PUSH	2
   300 00000227 6A 00                           	PUSH	0
   301 00000229 FF 75 0C                        	PUSH	DWORD [12+EBP]
   302 0000022C FF 75 08                        	PUSH	DWORD [8+EBP]
   303 0000022F E8 FFFFFEAB                     	CALL	_boxfill8
   304 00000234 FF 75 E8                        	PUSH	DWORD [-24+EBP]
   305 00000237 6A 3C                           	PUSH	60
   306 00000239 56                              	PUSH	ESI
   307 0000023A 6A 3C                           	PUSH	60
   308 0000023C 6A 00                           	PUSH	0
   309 0000023E FF 75 0C                        	PUSH	DWORD [12+EBP]
   310 00000241 FF 75 08                        	PUSH	DWORD [8+EBP]
   311 00000244 E8 FFFFFE96                     	CALL	_boxfill8
   312 00000249 8B 7D 0C                        	MOV	EDI,DWORD [12+EBP]
   313 0000024C 83 C4 38                        	ADD	ESP,56
   314 0000024F 8B 5D 0C                        	MOV	EBX,DWORD [12+EBP]
   315 00000252 83 EB 04                        	SUB	EBX,4
   316 00000255 83 EF 2F                        	SUB	EDI,47
   317 00000258 56                              	PUSH	ESI
   318 00000259 53                              	PUSH	EBX
   319 0000025A 56                              	PUSH	ESI
   320 0000025B 57                              	PUSH	EDI
   321 0000025C 6A 0F                           	PUSH	15
   322 0000025E FF 75 0C                        	PUSH	DWORD [12+EBP]
   323 00000261 FF 75 08                        	PUSH	DWORD [8+EBP]
   324 00000264 E8 FFFFFE76                     	CALL	_boxfill8
   325 00000269 FF 75 F0                        	PUSH	DWORD [-16+EBP]
   326 0000026C 57                              	PUSH	EDI
   327 0000026D FF 75 EC                        	PUSH	DWORD [-20+EBP]
   328 00000270 57                              	PUSH	EDI
   329 00000271 6A 0F                           	PUSH	15
   330 00000273 FF 75 0C                        	PUSH	DWORD [12+EBP]
   331 00000276 FF 75 08                        	PUSH	DWORD [8+EBP]
   332 00000279 E8 FFFFFE61                     	CALL	_boxfill8
   333 0000027E 83 C4 38                        	ADD	ESP,56
   334 00000281 FF 75 E8                        	PUSH	DWORD [-24+EBP]
   335 00000284 53                              	PUSH	EBX
   336 00000285 FF 75 E8                        	PUSH	DWORD [-24+EBP]
   337 00000288 57                              	PUSH	EDI
   338 00000289 6A 07                           	PUSH	7
   339 0000028B FF 75 0C                        	PUSH	DWORD [12+EBP]
   340 0000028E FF 75 08                        	PUSH	DWORD [8+EBP]
   341 00000291 E8 FFFFFE49                     	CALL	_boxfill8
   342 00000296 8B 45 0C                        	MOV	EAX,DWORD [12+EBP]
   343 00000299 FF 75 E8                        	PUSH	DWORD [-24+EBP]
   344 0000029C 83 E8 03                        	SUB	EAX,3
   345 0000029F 50                              	PUSH	EAX
   346 000002A0 56                              	PUSH	ESI
   347 000002A1 50                              	PUSH	EAX
   348 000002A2 6A 07                           	PUSH	7
   349 000002A4 FF 75 0C                        	PUSH	DWORD [12+EBP]
   350 000002A7 FF 75 08                        	PUSH	DWORD [8+EBP]
   351 000002AA E8 FFFFFE30                     	CALL	_boxfill8
   352 000002AF 8D 65 F4                        	LEA	ESP,DWORD [-12+EBP]
   353 000002B2 5B                              	POP	EBX
   354 000002B3 5E                              	POP	ESI
   355 000002B4 5F                              	POP	EDI
   356 000002B5 5D                              	POP	EBP
   357 000002B6 C3                              	RET
   358 000002B7                                 	GLOBAL	_putfont8
   359 000002B7                                 _putfont8:
   360 000002B7 55                              	PUSH	EBP
   361 000002B8 89 E5                           	MOV	EBP,ESP
   362 000002BA 57                              	PUSH	EDI
   363 000002BB 56                              	PUSH	ESI
   364 000002BC 31 F6                           	XOR	ESI,ESI
   365 000002BE 53                              	PUSH	EBX
   366 000002BF 8B 7D 1C                        	MOV	EDI,DWORD [28+EBP]
   367 000002C2 8A 5D 18                        	MOV	BL,BYTE [24+EBP]
   368 000002C5                                 L39:
   369 000002C5 8B 45 14                        	MOV	EAX,DWORD [20+EBP]
   370 000002C8 8B 55 10                        	MOV	EDX,DWORD [16+EBP]
   371 000002CB 01 F0                           	ADD	EAX,ESI
   372 000002CD 0F AF 45 0C                     	IMUL	EAX,DWORD [12+EBP]
   373 000002D1 03 45 08                        	ADD	EAX,DWORD [8+EBP]
   374 000002D4 8D 0C 02                        	LEA	ECX,DWORD [EDX+EAX*1]
   375 000002D7 8A 14 3E                        	MOV	DL,BYTE [ESI+EDI*1]
   376 000002DA 84 D2                           	TEST	DL,DL
   377 000002DC 79 02                           	JNS	L31
   378 000002DE 88 19                           	MOV	BYTE [ECX],BL
   379 000002E0                                 L31:
   380 000002E0 88 D0                           	MOV	AL,DL
   381 000002E2 83 E0 40                        	AND	EAX,64
   382 000002E5 84 C0                           	TEST	AL,AL
   383 000002E7 74 03                           	JE	L32
   384 000002E9 88 59 01                        	MOV	BYTE [1+ECX],BL
   385 000002EC                                 L32:
   386 000002EC 88 D0                           	MOV	AL,DL
   387 000002EE 83 E0 20                        	AND	EAX,32
   388 000002F1 84 C0                           	TEST	AL,AL
   389 000002F3 74 03                           	JE	L33
   390 000002F5 88 59 02                        	MOV	BYTE [2+ECX],BL
   391 000002F8                                 L33:
   392 000002F8 88 D0                           	MOV	AL,DL
   393 000002FA 83 E0 10                        	AND	EAX,16
   394 000002FD 84 C0                           	TEST	AL,AL
   395 000002FF 74 03                           	JE	L34
   396 00000301 88 59 03                        	MOV	BYTE [3+ECX],BL
   397 00000304                                 L34:
   398 00000304 88 D0                           	MOV	AL,DL
   399 00000306 83 E0 08                        	AND	EAX,8
   400 00000309 84 C0                           	TEST	AL,AL
   401 0000030B 74 03                           	JE	L35
   402 0000030D 88 59 04                        	MOV	BYTE [4+ECX],BL
   403 00000310                                 L35:
   404 00000310 88 D0                           	MOV	AL,DL
   405 00000312 83 E0 04                        	AND	EAX,4
   406 00000315 84 C0                           	TEST	AL,AL
   407 00000317 74 03                           	JE	L36
   408 00000319 88 59 05                        	MOV	BYTE [5+ECX],BL
   409 0000031C                                 L36:
   410 0000031C 88 D0                           	MOV	AL,DL
   411 0000031E 83 E0 02                        	AND	EAX,2
   412 00000321 84 C0                           	TEST	AL,AL
   413 00000323 74 03                           	JE	L37
   414 00000325 88 59 06                        	MOV	BYTE [6+ECX],BL
   415 00000328                                 L37:
   416 00000328 83 E2 01                        	AND	EDX,1
   417 0000032B 84 D2                           	TEST	DL,DL
   418 0000032D 74 03                           	JE	L29
   419 0000032F 88 59 07                        	MOV	BYTE [7+ECX],BL
   420 00000332                                 L29:
   421 00000332 46                              	INC	ESI
   422 00000333 83 FE 0F                        	CMP	ESI,15
   423 00000336 7E 8D                           	JLE	L39
   424 00000338 5B                              	POP	EBX
   425 00000339 5E                              	POP	ESI
   426 0000033A 5F                              	POP	EDI
   427 0000033B 5D                              	POP	EBP
   428 0000033C C3                              	RET
   429 0000033D                                 	GLOBAL	_putfonts8_asc
   430 0000033D                                 _putfonts8_asc:
   431 0000033D 55                              	PUSH	EBP
   432 0000033E 89 E5                           	MOV	EBP,ESP
   433 00000340 57                              	PUSH	EDI
   434 00000341 56                              	PUSH	ESI
   435 00000342 53                              	PUSH	EBX
   436 00000343 50                              	PUSH	EAX
   437 00000344 8B 5D 1C                        	MOV	EBX,DWORD [28+EBP]
   438 00000347 8A 45 18                        	MOV	AL,BYTE [24+EBP]
   439 0000034A 88 45 F3                        	MOV	BYTE [-13+EBP],AL
   440 0000034D 8B 75 10                        	MOV	ESI,DWORD [16+EBP]
   441 00000350 8B 7D 14                        	MOV	EDI,DWORD [20+EBP]
   442 00000353 80 3B 00                        	CMP	BYTE [EBX],0
   443 00000356 75 08                           	JNE	L47
   444 00000358                                 L49:
   445 00000358 8D 65 F4                        	LEA	ESP,DWORD [-12+EBP]
   446 0000035B 5B                              	POP	EBX
   447 0000035C 5E                              	POP	ESI
   448 0000035D 5F                              	POP	EDI
   449 0000035E 5D                              	POP	EBP
   450 0000035F C3                              	RET
   451 00000360                                 L47:
   452 00000360 0F B6 03                        	MOVZX	EAX,BYTE [EBX]
   453 00000363 C1 E0 04                        	SAL	EAX,4
   454 00000366 43                              	INC	EBX
   455 00000367 05 [00000000]                   	ADD	EAX,_hankaku
   456 0000036C 50                              	PUSH	EAX
   457 0000036D 0F BE 45 F3                     	MOVSX	EAX,BYTE [-13+EBP]
   458 00000371 50                              	PUSH	EAX
   459 00000372 57                              	PUSH	EDI
   460 00000373 56                              	PUSH	ESI
   461 00000374 83 C6 08                        	ADD	ESI,8
   462 00000377 FF 75 0C                        	PUSH	DWORD [12+EBP]
   463 0000037A FF 75 08                        	PUSH	DWORD [8+EBP]
   464 0000037D E8 FFFFFF35                     	CALL	_putfont8
   465 00000382 83 C4 18                        	ADD	ESP,24
   466 00000385 80 3B 00                        	CMP	BYTE [EBX],0
   467 00000388 75 D6                           	JNE	L47
   468 0000038A EB CC                           	JMP	L49
   469                                          [SECTION .data]
   470 0000003E                                 _cursor.1:
   471 0000003E 2A 2A 2A 2A 2A 2A 2A 2A 2A 2A   	DB	"**************.."
       00000048 2A 2A 2A 2A 2E 2E 
   472 0000004E 2A 4F 4F 4F 4F 4F 4F 4F 4F 4F   	DB	"*OOOOOOOOOOO*..."
       00000058 4F 4F 2A 2E 2E 2E 
   473 0000005E 2A 4F 4F 4F 4F 4F 4F 4F 4F 4F   	DB	"*OOOOOOOOOO*...."
       00000068 4F 2A 2E 2E 2E 2E 
   474 0000006E 2A 4F 4F 4F 4F 4F 4F 4F 4F 4F   	DB	"*OOOOOOOOO*....."
       00000078 2A 2E 2E 2E 2E 2E 
   475 0000007E 2A 4F 4F 4F 4F 4F 4F 4F 4F 2A   	DB	"*OOOOOOOO*......"
       00000088 2E 2E 2E 2E 2E 2E 
   476 0000008E 2A 4F 4F 4F 4F 4F 4F 4F 2A 2E   	DB	"*OOOOOOO*......."
       00000098 2E 2E 2E 2E 2E 2E 
   477 0000009E 2A 4F 4F 4F 4F 4F 4F 4F 2A 2E   	DB	"*OOOOOOO*......."
       000000A8 2E 2E 2E 2E 2E 2E 
   478 000000AE 2A 4F 4F 4F 4F 4F 4F 4F 4F 2A   	DB	"*OOOOOOOO*......"
       000000B8 2E 2E 2E 2E 2E 2E 
   479 000000BE 2A 4F 4F 4F 4F 2A 2A 4F 4F 4F   	DB	"*OOOO**OOO*....."
       000000C8 2A 2E 2E 2E 2E 2E 
   480 000000CE 2A 4F 4F 4F 2A 2E 2E 2A 4F 4F   	DB	"*OOO*..*OOO*...."
       000000D8 4F 2A 2E 2E 2E 2E 
   481 000000DE 2A 4F 4F 2A 2E 2E 2E 2E 2A 4F   	DB	"*OO*....*OOO*..."
       000000E8 4F 4F 2A 2E 2E 2E 
   482 000000EE 2A 4F 2A 2E 2E 2E 2E 2E 2E 2A   	DB	"*O*......*OOO*.."
       000000F8 4F 4F 4F 2A 2E 2E 
   483 000000FE 2A 2A 2E 2E 2E 2E 2E 2E 2E 2E   	DB	"**........*OOO*."
       00000108 2A 4F 4F 4F 2A 2E 
   484 0000010E 2A 2E 2E 2E 2E 2E 2E 2E 2E 2E   	DB	"*..........*OOO*"
       00000118 2E 2A 4F 4F 4F 2A 
   485 0000011E 2E 2E 2E 2E 2E 2E 2E 2E 2E 2E   	DB	"............*OO*"
       00000128 2E 2E 2A 4F 4F 2A 
   486 0000012E 2E 2E 2E 2E 2E 2E 2E 2E 2E 2E   	DB	".............***"
       00000138 2E 2E 2E 2A 2A 2A 
   487                                          [SECTION .text]
   488 0000038C                                 	GLOBAL	_init_mouse_cursor8
   489 0000038C                                 _init_mouse_cursor8:
   490 0000038C 55                              	PUSH	EBP
   491 0000038D 89 E5                           	MOV	EBP,ESP
   492 0000038F 57                              	PUSH	EDI
   493 00000390 56                              	PUSH	ESI
   494 00000391 31 FF                           	XOR	EDI,EDI
   495 00000393 53                              	PUSH	EBX
   496 00000394 31 DB                           	XOR	EBX,EBX
   497 00000396 50                              	PUSH	EAX
   498 00000397 8A 45 0C                        	MOV	AL,BYTE [12+EBP]
   499 0000039A 8B 75 08                        	MOV	ESI,DWORD [8+EBP]
   500 0000039D 88 45 F3                        	MOV	BYTE [-13+EBP],AL
   501 000003A0                                 L63:
   502 000003A0 31 D2                           	XOR	EDX,EDX
   503 000003A2                                 L62:
   504 000003A2 8D 04 3A                        	LEA	EAX,DWORD [EDX+EDI*1]
   505 000003A5 80 B8 [0000003E] 2A             	CMP	BYTE [_cursor.1+EAX],42
   506 000003AC 74 35                           	JE	L68
   507 000003AE                                 L59:
   508 000003AE 80 B8 [0000003E] 4F             	CMP	BYTE [_cursor.1+EAX],79
   509 000003B5 74 26                           	JE	L69
   510 000003B7                                 L60:
   511 000003B7 80 B8 [0000003E] 2E             	CMP	BYTE [_cursor.1+EAX],46
   512 000003BE 74 15                           	JE	L70
   513 000003C0                                 L57:
   514 000003C0 42                              	INC	EDX
   515 000003C1 83 FA 0F                        	CMP	EDX,15
   516 000003C4 7E DC                           	JLE	L62
   517 000003C6 43                              	INC	EBX
   518 000003C7 83 C7 10                        	ADD	EDI,16
   519 000003CA 83 FB 0F                        	CMP	EBX,15
   520 000003CD 7E D1                           	JLE	L63
   521 000003CF 58                              	POP	EAX
   522 000003D0 5B                              	POP	EBX
   523 000003D1 5E                              	POP	ESI
   524 000003D2 5F                              	POP	EDI
   525 000003D3 5D                              	POP	EBP
   526 000003D4 C3                              	RET
   527 000003D5                                 L70:
   528 000003D5 8A 4D F3                        	MOV	CL,BYTE [-13+EBP]
   529 000003D8 88 0C 30                        	MOV	BYTE [EAX+ESI*1],CL
   530 000003DB EB E3                           	JMP	L57
   531 000003DD                                 L69:
   532 000003DD C6 04 30 07                     	MOV	BYTE [EAX+ESI*1],7
   533 000003E1 EB D4                           	JMP	L60
   534 000003E3                                 L68:
   535 000003E3 C6 04 30 00                     	MOV	BYTE [EAX+ESI*1],0
   536 000003E7 EB C5                           	JMP	L59
   537 000003E9                                 	GLOBAL	_putblock8_8
   538 000003E9                                 _putblock8_8:
   539 000003E9 55                              	PUSH	EBP
   540 000003EA 89 E5                           	MOV	EBP,ESP
   541 000003EC 57                              	PUSH	EDI
   542 000003ED 56                              	PUSH	ESI
   543 000003EE 31 F6                           	XOR	ESI,ESI
   544 000003F0 53                              	PUSH	EBX
   545 000003F1 83 EC 0C                        	SUB	ESP,12
   546 000003F4 3B 75 14                        	CMP	ESI,DWORD [20+EBP]
   547 000003F7 7D 3E                           	JGE	L83
   548 000003F9 31 FF                           	XOR	EDI,EDI
   549 000003FB                                 L81:
   550 000003FB 31 DB                           	XOR	EBX,EBX
   551 000003FD 3B 5D 10                        	CMP	EBX,DWORD [16+EBP]
   552 00000400 7D 2C                           	JGE	L85
   553 00000402 8B 45 20                        	MOV	EAX,DWORD [32+EBP]
   554 00000405 01 F8                           	ADD	EAX,EDI
   555 00000407 89 45 EC                        	MOV	DWORD [-20+EBP],EAX
   556 0000040A                                 L80:
   557 0000040A 8B 45 1C                        	MOV	EAX,DWORD [28+EBP]
   558 0000040D 8B 55 18                        	MOV	EDX,DWORD [24+EBP]
   559 00000410 01 F0                           	ADD	EAX,ESI
   560 00000412 01 DA                           	ADD	EDX,EBX
   561 00000414 0F AF 45 0C                     	IMUL	EAX,DWORD [12+EBP]
   562 00000418 01 D0                           	ADD	EAX,EDX
   563 0000041A 8B 4D 08                        	MOV	ECX,DWORD [8+EBP]
   564 0000041D 8B 55 EC                        	MOV	EDX,DWORD [-20+EBP]
   565 00000420 43                              	INC	EBX
   566 00000421 8A 12                           	MOV	DL,BYTE [EDX]
   567 00000423 88 14 08                        	MOV	BYTE [EAX+ECX*1],DL
   568 00000426 FF 45 EC                        	INC	DWORD [-20+EBP]
   569 00000429 3B 5D 10                        	CMP	EBX,DWORD [16+EBP]
   570 0000042C 7C DC                           	JL	L80
   571 0000042E                                 L85:
   572 0000042E 46                              	INC	ESI
   573 0000042F 03 7D 24                        	ADD	EDI,DWORD [36+EBP]
   574 00000432 3B 75 14                        	CMP	ESI,DWORD [20+EBP]
   575 00000435 7C C4                           	JL	L81
   576 00000437                                 L83:
   577 00000437 83 C4 0C                        	ADD	ESP,12
   578 0000043A 5B                              	POP	EBX
   579 0000043B 5E                              	POP	ESI
   580 0000043C 5F                              	POP	EDI
   581 0000043D 5D                              	POP	EBP
   582 0000043E C3                              	RET
