     1 00000000                                 ; haribote-ipl
     2 00000000                                 ; TAB=4
     3 00000000                                 
     4  = 0000000A                              CYLS    EQU     10      ; 声明常量CYLS为10
     5 00000000                                 
     6                                          ORG		0x7c00          ; 指定程序在内存中的起始位置
     7 00007C00                                 
     8 00007C00 EB 4E                           JMP entry
     9 00007C02                                 
    10 00007C02                                 ; 标准FAT12格式软盘专用的代码
    11 00007C02 90                              DB  0x90
    12 00007C03 48 41 52 49 42 4F 54 45         DB  "HARIBOTE"      ; 启动扇区名称（8字节）
    13 00007C0B 0200                            DW  512             ; 每个扇区（sector）大小（必须512字节）
    14 00007C0D 01                              DB  1               ; 簇（cluster）大小（必须为1个扇区）
    15 00007C0E 0001                            DW  1               ; FAT起始位置（一般为第一个扇区）
    16 00007C10 02                              DB  2               ; FAT个数（必须为2）
    17 00007C11 00F4                            DW  244             ; 根目录大小（一般为224项）
    18 00007C13 0B40                            DW  2880            ; 该磁盘大小（必须为2880扇区，计算方式：1440*1024/512）
    19 00007C15 0F                              DB  0x0f            ; 磁盘类型（必须为0xf0）
    20 00007C16 0009                            DW  9               ; FAT的长度（必须是9个扇区）
    21 00007C18 0012                            DW  18              ; 一个磁道（track）有几个扇区（必须为18）
    22 00007C1A 0002                            DW  2               ; 磁头数（必须为2）
    23 00007C1C 00000000                        DD  0               ; 不使用分区，必须是0
    24 00007C20 00000B40                        DD  2880            ; 重写一次磁盘大小
    25 00007C24 00 00 29                        DB  0,0,0x29        ; 意义不明（但是不能更改）
    26 00007C27 FFFFFFFF                        DD  0xffffffff      ; 卷标号码
    27 00007C2B 48 41 52 49 42 4F 54 45 2D 4F   DB  "HARIBOTE-OS"   ; 磁盘的名称（必须为11字节）
       00007C35 53 
    28 00007C36 46 41 54 31 32 20 20 20         DB  "FAT12   "      ; 磁盘格式名称（必须为3字节）
    29 00007C3E 00 00 00 00 00 00 00 00 00 00   RESB    18          ; 空出18字节
       00007C48 00 00 00 00 00 00 00 00 
    30 00007C50                                 
    31 00007C50                                 ; 程序本体
    32 00007C50                                 ;; 入口
    33 00007C50                                 entry:
    34 00007C50                                     ; 初始化寄存器
    35 00007C50 B8 0000                             MOV AX,0        ; 初始化累加寄存器
    36 00007C53 8E D0                               MOV SS,AX       ; 初始化栈段寄存器
    37 00007C55 BC 7C00                             MOV SP,0x7c00   ; 初始化栈指针寄存器
    38 00007C58 8E D8                               MOV DS,AX       ; 初始化数据段寄存器
    39 00007C5A                                 
    40 00007C5A                                     ; 配置基础磁盘读取参数
    41 00007C5A B8 0820                             MOV		AX,0x0820   ; 累加寄存器：赋值记录内存地址
    42 00007C5D 8E C0                               MOV		ES,AX       ; 附加段寄存器赋值：缓冲区大概地址
    43 00007C5F B5 00                               MOV     CH,0        ; 计数寄存器高位：柱面0（一共80个柱面：0~79）
    44 00007C61 B6 00                               MOV     DH,0        ; 数据寄存器高位：磁头0（一共2个磁头：0, 1）
    45 00007C63 B1 02                               MOV     CL,2        ; 计数寄存器低位：扇区2（每个柱面只有18扇区：1~18）
    46 00007C65                                 
    47 00007C65                                 ;; 读取循环
    48 00007C65                                 readloop:
    49 00007C65 BE 0000                             MOV SI,0            ; 原变址寄存器：记录失败次数
    50 00007C68                                 
    51 00007C68                                 ;; 尝试读取
    52 00007C68                                 retry:
    53 00007C68 B4 02                               MOV     AH,0x02     ; 累加寄存器高位：读入磁盘操作
    54 00007C6A B0 01                               MOV     AL,1        ; 累加寄存器低位：读取1扇区，一个扇区512字节
    55 00007C6C BB 0000                             MOV     BX,0        ; 基址寄存器：缓冲区详细地址，地址的计算方式是ES*16+BX，例初始化时是：0x0820*16+0，读入的一个扇区数据会写入到内存的0x08200~0x083ff位置（512字节）
    56 00007C6F                                     ;;; BX注释：仅使用BX寄存器只能代表64KB大小范围的内存地址，采用这种方式可以扩大到1MB（遥遥领先）
    57 00007C6F B2 00                               MOV     DL,0x00     ; 数据寄存器低位：盘符A
    58 00007C71 CD 13                               INT     0x13        ; 调用中断：BIOS磁盘功能
    59 00007C73 73 10                               JNC     next        ; 没有发生错误，FLAGS.CF==0，跳转到下一扇区位置
    60 00007C75 83 C6 01                            ADD     SI,1        ; 失败次数+1
    61 00007C78 83 FE 05                            CMP     SI,5        ; 失败次数比对
    62 00007C7B 73 32                               JAE     error       ; 失败次数==5，跳转到失败位置
    63 00007C7D B4 00                               MOV     AH,0x00     ; 清空累加寄存器高位
    64 00007C7F B2 00                               MOV     DL,0x00     ; 清空数据寄存器低位
    65 00007C81 CD 13                               INT     0x13        ; 重置驱动器
    66 00007C83 EB E3                               JMP     retry       ; 完成重置，跳转回尝试读取
    67 00007C85                                 
    68 00007C85                                 ;; 下一扇区
    69 00007C85                                 next:
    70 00007C85                                     ; 准备下一个扇区
    71 00007C85 8C C0                               MOV     AX,ES       ; 将缓冲区大概位置赋值给累加寄存器，借助累加寄存器的功能进行增加计算
    72 00007C87 05 0020                             ADD     AX,0x0020   ; 缓冲区大概位置增加32，32*16=512，也就是增加512字节
    73 00007C8A 8E C0                               MOV     ES,AX       ; 计算完成，赋值回去
    74 00007C8C 80 C1 01                            ADD     CL,1        ; 读取扇区位置+1
    75 00007C8F 80 F9 12                            CMP     CL,18       ; 扇区位置比对
    76 00007C92 76 D1                               JBE     readloop    ; 小于等于18，继续读取扇区
    77 00007C94                                     ; 准备下一个柱面
    78 00007C94 B1 01                               MOV     CL,1        ; 设置读取扇区位置为1
    79 00007C96 80 C6 01                            ADD     DH,1        ; 设置使用磁头号+1
    80 00007C99 80 FE 02                            CMP     DH,2        ; 对比磁头号
    81 00007C9C 72 C7                               JB      readloop    ; 磁头号小于2，跳转到读取循环位置
    82 00007C9E B6 00                               MOV     DH,0        ; 否则，设置磁头号为0
    83 00007CA0 80 C5 01                            ADD     CH,1        ; 读取柱面位置+1
    84 00007CA3 80 FD 0A                            CMP     CH,CYLS     ; 判断柱面
    85 00007CA6 72 BD                               JB      readloop    ; 柱面小于常量CYLS，跳转到读取循环位置
    86 00007CA8                                 
    87 00007CA8                                 ;; haribote.sys读取完毕，开始执行
    88 00007CA8 88 2E 0FF0                          MOV [0x0ff0],CH     ; 记录IPL的读取位置
    89 00007CAC E9 4551                             JMP 0xc200          ; 跳转到haribote在内存中的位置
    90 00007CAF                                 
    91 00007CAF                                 
    92 00007CAF                                 ;; 错误处理，打印错误文字
    93 00007CAF                                 error:
    94 00007CAF BE 7CC7                             MOV     SI,msg
    95 00007CB2                                 
    96 00007CB2                                 putloop:
    97 00007CB2 8A 04                               MOV     AL,[SI]
    98 00007CB4 83 C6 01                            ADD     SI,1
    99 00007CB7 3C 00                               CMP     AL,0
   100 00007CB9 74 09                               JE      fin
   101 00007CBB B4 0E                               MOV     AH,0x0e
   102 00007CBD BB 000F                             MOV     BX,15
   103 00007CC0 CD 10                               INT     0x10
   104 00007CC2 EB EE                               JMP     putloop
   105 00007CC4                                 
   106 00007CC4                                 fin:
   107 00007CC4 F4                                  HLT
   108 00007CC5 EB FD                               JMP fin
   109 00007CC7                                 
   110 00007CC7                                 msg:
   111 00007CC7 0A 0A                               DB  0x0a,0x0a
   112 00007CC9 6C 6F 61 64 20 65 72 72 6F 72       DB  "load error"
   113 00007CD3 0A                                  DB  0x0a
   114 00007CD4 00                                  DB  0
   115 00007CD5                                 
   116 00007CD5                                 
   117 00007CD5                                 ;; IPL程序收尾
   118 00007CD5 00 00 00 00 00 00 00 00 00 00   RESB    0x7dfe-$
       00007CDF 00 00 00 00 00 00 00 00 00 00 
       00007CE9 00 00 00 00 00 00 00 00 00 00 
       00007CF3 00 00 00 00 00 00 00 00 00 00 
       00007CFD 00 00 00 00 00 00 00 00 00 00 
       00007D07 00 00 00 00 00 00 00 00 00 00 
       00007D11 00 00 00 00 00 00 00 00 00 00 
       00007D1B 00 00 00 00 00 00 00 00 00 00 
       00007D25 00 00 00 00 00 00 00 00 00 00 
       00007D2F 00 00 00 00 00 00 00 00 00 00 
       00007D39 00 00 00 00 00 00 00 00 00 00 
       00007D43 00 00 00 00 00 00 00 00 00 00 
       00007D4D 00 00 00 00 00 00 00 00 00 00 
       00007D57 00 00 00 00 00 00 00 00 00 00 
       00007D61 00 00 00 00 00 00 00 00 00 00 
       00007D6B 00 00 00 00 00 00 00 00 00 00 
       00007D75 00 00 00 00 00 00 00 00 00 00 
       00007D7F 00 00 00 00 00 00 00 00 00 00 
       00007D89 00 00 00 00 00 00 00 00 00 00 
       00007D93 00 00 00 00 00 00 00 00 00 00 
       00007D9D 00 00 00 00 00 00 00 00 00 00 
       00007DA7 00 00 00 00 00 00 00 00 00 00 
       00007DB1 00 00 00 00 00 00 00 00 00 00 
       00007DBB 00 00 00 00 00 00 00 00 00 00 
       00007DC5 00 00 00 00 00 00 00 00 00 00 
       00007DCF 00 00 00 00 00 00 00 00 00 00 
       00007DD9 00 00 00 00 00 00 00 00 00 00 
       00007DE3 00 00 00 00 00 00 00 00 00 00 
       00007DED 00 00 00 00 00 00 00 00 00 00 
       00007DF7 00 00 00 00 00 00 00 
   119 00007DFE                                 
   120 00007DFE 55 AA                           DB      0x55, 0xaa